
train epoch 1:   0%|          | 0/418 [00:00<?, ?it/s]
train epoch 1:   0%|          | 0/418 [00:18<?, ?it/s, loss=10.2, f_loss=3.43, a_loss=3.38, v_loss=3.38, acc=0]
train epoch 1:   0%|          | 1/418 [00:18<2:11:53, 18.98s/it, loss=10.2, f_loss=3.43, a_loss=3.38, v_loss=3.38, acc=0]
train epoch 1:   0%|          | 1/418 [00:19<2:11:53, 18.98s/it, loss=11.9, f_loss=4.7, a_loss=3.43, v_loss=3.8, acc=0]  
train epoch 1:   0%|          | 2/418 [00:19<55:15,  7.97s/it, loss=11.9, f_loss=4.7, a_loss=3.43, v_loss=3.8, acc=0]  
train epoch 1:   0%|          | 2/418 [00:19<55:15,  7.97s/it, loss=15, f_loss=6.5, a_loss=4.15, v_loss=4.39, acc=0] 
train epoch 1:   1%|          | 3/418 [00:19<30:47,  4.45s/it, loss=15, f_loss=6.5, a_loss=4.15, v_loss=4.39, acc=0]
train epoch 1:   1%|          | 3/418 [00:19<30:47,  4.45s/it, loss=16.3, f_loss=7.23, a_loss=4.36, v_loss=4.69, acc=0]
train epoch 1:   1%|          | 4/418 [00:19<19:17,  2.80s/it, loss=16.3, f_loss=7.23, a_loss=4.36, v_loss=4.69, acc=0]
train epoch 1:   1%|          | 4/418 [00:20<19:17,  2.80s/it, loss=17.5, f_loss=7.85, a_loss=4.5, v_loss=5.13, acc=0] 
train epoch 1:   1%|          | 5/418 [00:20<13:02,  1.89s/it, loss=17.5, f_loss=7.85, a_loss=4.5, v_loss=5.13, acc=0]
train epoch 1:   1%|          | 5/418 [00:20<13:02,  1.89s/it, loss=19, f_loss=8.65, a_loss=4.76, v_loss=5.57, acc=0] 
train epoch 1:   1%|‚Ė\ufffd         | 6/418 [00:20<09:16,  1.35s/it, loss=19, f_loss=8.65, a_loss=4.76, v_loss=5.57, acc=0]
train epoch 1:   1%|‚Ė\ufffd         | 6/418 [00:20<09:16,  1.35s/it, loss=20.2, f_loss=9.33, a_loss=5, v_loss=5.9, acc=0]  
train epoch 1:   2%|‚Ė\ufffd         | 7/418 [00:20<06:50,  1.00it/s, loss=20.2, f_loss=9.33, a_loss=5, v_loss=5.9, acc=0]
train epoch 1:   2%|‚Ė\ufffd         | 7/418 [00:20<06:50,  1.00it/s, loss=23.7, f_loss=11.1, a_loss=5.67, v_loss=6.91, acc=0]
train epoch 1:   2%|‚Ė\ufffd         | 8/418 [00:20<05:15,  1.30it/s, loss=23.7, f_loss=11.1, a_loss=5.67, v_loss=6.91, acc=0]
train epoch 1:   2%|‚Ė\ufffd         | 8/418 [00:21<05:15,  1.30it/s, loss=23.9, f_loss=11.2, a_loss=5.68, v_loss=7.06, acc=0.0139]
train epoch 1:   2%|‚Ė\ufffd         | 9/418 [00:21<04:11,  1.62it/s, loss=23.9, f_loss=11.2, a_loss=5.68, v_loss=7.06, acc=0.0139]
train epoch 1:   2%|‚Ė\ufffd         | 9/418 [00:21<04:11,  1.62it/s, loss=22.9, f_loss=10.7, a_loss=5.49, v_loss=6.77, acc=0.0125]
train epoch 1:   2%|‚Ė\ufffd         | 10/418 [00:21<03:26,  1.98it/s, loss=22.9, f_loss=10.7, a_loss=5.49, v_loss=6.77, acc=0.0125]
train epoch 1:   2%|‚Ė\ufffd         | 10/418 [00:21<03:26,  1.98it/s, loss=22.8, f_loss=10.6, a_loss=5.46, v_loss=6.73, acc=0.0227]
train epoch 1:   3%|‚Ė\ufffd         | 11/418 [00:21<02:55,  2.32it/s, loss=22.8, f_loss=10.6, a_loss=5.46, v_loss=6.73, acc=0.0227]
train epoch 1:   3%|‚Ė\ufffd         | 11/418 [00:21<02:55,  2.32it/s, loss=22.7, f_loss=10.5, a_loss=5.54, v_loss=6.67, acc=0.0208]
train epoch 1:   3%|‚Ė\ufffd         | 12/418 [00:21<02:34,  2.63it/s, loss=22.7, f_loss=10.5, a_loss=5.54, v_loss=6.67, acc=0.0208]
train epoch 1:   3%|‚Ė\ufffd         | 12/418 [00:22<02:34,  2.63it/s, loss=22.6, f_loss=10.4, a_loss=5.61, v_loss=6.55, acc=0.0192]
train epoch 1:   3%|‚Ė\ufffd         | 13/418 [00:22<02:19,  2.90it/s, loss=22.6, f_loss=10.4, a_loss=5.61, v_loss=6.55, acc=0.0192]
train epoch 1:   3%|‚Ė\ufffd         | 13/418 [00:22<02:19,  2.90it/s, loss=22, f_loss=10.1, a_loss=5.53, v_loss=6.39, acc=0.0179]  
train epoch 1:   3%|‚Ė\ufffd         | 14/418 [00:22<02:09,  3.12it/s, loss=22, f_loss=10.1, a_loss=5.53, v_loss=6.39, acc=0.0179]
train epoch 1:   3%|‚Ė\ufffd         | 14/418 [00:22<02:09,  3.12it/s, loss=22, f_loss=10, a_loss=5.62, v_loss=6.37, acc=0.0167]  
train epoch 1:   4%|‚Ė\ufffd         | 15/418 [00:22<02:02,  3.29it/s, loss=22, f_loss=10, a_loss=5.62, v_loss=6.37, acc=0.0167]
train epoch 1:   4%|‚Ė\ufffd         | 15/418 [00:23<02:02,  3.29it/s, loss=21.4, f_loss=9.71, a_loss=5.49, v_loss=6.22, acc=0.0156]
train epoch 1:   4%|‚Ė\ufffd         | 16/418 [00:23<01:57,  3.44it/s, loss=21.4, f_loss=9.71, a_loss=5.49, v_loss=6.22, acc=0.0156]
train epoch 1:   4%|‚Ė\ufffd         | 16/418 [00:23<01:57,  3.44it/s, loss=21.2, f_loss=9.6, a_loss=5.45, v_loss=6.2, acc=0.0147]  
train epoch 1:   4%|‚Ė\ufffd         | 17/418 [00:23<01:53,  3.52it/s, loss=21.2, f_loss=9.6, a_loss=5.45, v_loss=6.2, acc=0.0147]
train epoch 1:   4%|‚Ė\ufffd         | 17/418 [00:23<01:53,  3.52it/s, loss=21.5, f_loss=9.68, a_loss=5.54, v_loss=6.23, acc=0.0139]
train epoch 1:   4%|‚Ė\ufffd         | 18/418 [00:23<01:51,  3.60it/s, loss=21.5, f_loss=9.68, a_loss=5.54, v_loss=6.23, acc=0.0139]
train epoch 1:   4%|‚Ė\ufffd         | 18/418 [00:23<01:51,  3.60it/s, loss=21.3, f_loss=9.58, a_loss=5.47, v_loss=6.25, acc=0.0132]
train epoch 1:   5%|‚Ė\ufffd         | 19/418 [00:23<01:50,  3.62it/s, loss=21.3, f_loss=9.58, a_loss=5.47, v_loss=6.25, acc=0.0132]
train epoch 1:   5%|‚Ė\ufffd         | 19/418 [00:24<01:50,  3.62it/s, loss=21.4, f_loss=9.59, a_loss=5.53, v_loss=6.23, acc=0.0125]
train epoch 1:   5%|‚Ė\ufffd         | 20/418 [00:24<01:48,  3.65it/s, loss=21.4, f_loss=9.59, a_loss=5.53, v_loss=6.23, acc=0.0125]
train epoch 1:   5%|‚Ė\ufffd         | 20/418 [00:24<01:48,  3.65it/s, loss=20.9, f_loss=9.35, a_loss=5.44, v_loss=6.13, acc=0.0119]
train epoch 1:   5%|‚Ė\ufffd         | 21/418 [00:24<01:48,  3.67it/s, loss=20.9, f_loss=9.35, a_loss=5.44, v_loss=6.13, acc=0.0119]
train epoch 1:   5%|‚Ė\ufffd         | 21/418 [00:24<01:48,  3.67it/s, loss=20.7, f_loss=9.24, a_loss=5.4, v_loss=6.08, acc=0.017]  
train epoch 1:   5%|‚Ė\ufffd         | 22/418 [00:24<01:47,  3.68it/s, loss=20.7, f_loss=9.24, a_loss=5.4, v_loss=6.08, acc=0.017]
train epoch 1:   5%|‚Ė\ufffd         | 22/418 [00:24<01:47,  3.68it/s, loss=20.6, f_loss=9.17, a_loss=5.39, v_loss=6.06, acc=0.0163]
train epoch 1:   6%|‚Ė\ufffd         | 23/418 [00:24<01:48,  3.66it/s, loss=20.6, f_loss=9.17, a_loss=5.39, v_loss=6.06, acc=0.0163]
train epoch 1:   6%|‚Ė\ufffd         | 23/418 [00:25<01:48,  3.66it/s, loss=20.5, f_loss=9.11, a_loss=5.39, v_loss=6.02, acc=0.0208]
train epoch 1:   6%|‚Ė\ufffd         | 24/418 [00:25<01:46,  3.71it/s, loss=20.5, f_loss=9.11, a_loss=5.39, v_loss=6.02, acc=0.0208]
train epoch 1:   6%|‚Ė\ufffd         | 24/418 [00:25<01:46,  3.71it/s, loss=20.4, f_loss=9.03, a_loss=5.37, v_loss=6, acc=0.02]     
train epoch 1:   6%|‚Ė\ufffd         | 25/418 [00:25<01:45,  3.73it/s, loss=20.4, f_loss=9.03, a_loss=5.37, v_loss=6, acc=0.02]
train epoch 1:   6%|‚Ė\ufffd         | 25/418 [00:25<01:45,  3.73it/s, loss=20.3, f_loss=8.95, a_loss=5.31, v_loss=6.01, acc=0.0192]
train epoch 1:   6%|‚Ė\ufffd         | 26/418 [00:25<01:44,  3.75it/s, loss=20.3, f_loss=8.95, a_loss=5.31, v_loss=6.01, acc=0.0192]
train epoch 1:   6%|‚Ė\ufffd         | 26/418 [00:25<01:44,  3.75it/s, loss=20.1, f_loss=8.86, a_loss=5.25, v_loss=6, acc=0.0231]   
train epoch 1:   6%|‚Ė\ufffd         | 27/418 [00:25<01:43,  3.79it/s, loss=20.1, f_loss=8.86, a_loss=5.25, v_loss=6, acc=0.0231]
train epoch 1:   6%|‚Ė\ufffd         | 27/418 [00:26<01:43,  3.79it/s, loss=19.8, f_loss=8.7, a_loss=5.18, v_loss=5.93, acc=0.0268]
train epoch 1:   7%|‚Ė\ufffd         | 28/418 [00:26<01:42,  3.80it/s, loss=19.8, f_loss=8.7, a_loss=5.18, v_loss=5.93, acc=0.0268]
train epoch 1:   7%|‚Ė\ufffd         | 28/418 [00:26<01:42,  3.80it/s, loss=19.6, f_loss=8.59, a_loss=5.13, v_loss=5.88, acc=0.0388]
train epoch 1:   7%|‚Ė\ufffd         | 29/418 [00:26<01:42,  3.80it/s, loss=19.6, f_loss=8.59, a_loss=5.13, v_loss=5.88, acc=0.0388]
train epoch 1:   7%|‚Ė\ufffd         | 29/418 [00:26<01:42,  3.80it/s, loss=19.3, f_loss=8.41, a_loss=5.07, v_loss=5.79, acc=0.0417]
train epoch 1:   7%|‚Ė\ufffd         | 30/418 [00:26<01:41,  3.83it/s, loss=19.3, f_loss=8.41, a_loss=5.07, v_loss=5.79, acc=0.0417]
train epoch 1:   7%|‚Ė\ufffd         | 30/418 [00:26<01:41,  3.83it/s, loss=19.1, f_loss=8.3, a_loss=5.02, v_loss=5.75, acc=0.0444] 
train epoch 1:   7%|‚Ė\ufffd         | 31/418 [00:26<01:40,  3.86it/s, loss=19.1, f_loss=8.3, a_loss=5.02, v_loss=5.75, acc=0.0444]
train epoch 1:   7%|‚Ė\ufffd         | 31/418 [00:27<01:40,  3.86it/s, loss=18.8, f_loss=8.15, a_loss=4.97, v_loss=5.67, acc=0.043]
train epoch 1:   8%|‚Ė\ufffd         | 32/418 [00:27<01:40,  3.86it/s, loss=18.8, f_loss=8.15, a_loss=4.97, v_loss=5.67, acc=0.043]
train epoch 1:   8%|‚Ė\ufffd         | 32/418 [00:27<01:40,  3.86it/s, loss=18.5, f_loss=8.01, a_loss=4.92, v_loss=5.61, acc=0.0417]
train epoch 1:   8%|‚Ė\ufffd         | 33/418 [00:27<01:41,  3.81it/s, loss=18.5, f_loss=8.01, a_loss=4.92, v_loss=5.61, acc=0.0417]
train epoch 1:   8%|‚Ė\ufffd         | 33/418 [00:27<01:41,  3.81it/s, loss=18.4, f_loss=7.91, a_loss=4.89, v_loss=5.56, acc=0.0441]
train epoch 1:   8%|‚Ė\ufffd         | 34/418 [00:27<01:40,  3.82it/s, loss=18.4, f_loss=7.91, a_loss=4.89, v_loss=5.56, acc=0.0441]
train epoch 1:   8%|‚Ė\ufffd         | 34/418 [00:28<01:40,  3.82it/s, loss=18.1, f_loss=7.78, a_loss=4.85, v_loss=5.49, acc=0.0429]
train epoch 1:   8%|‚Ė\ufffd         | 35/418 [00:28<01:40,  3.83it/s, loss=18.1, f_loss=7.78, a_loss=4.85, v_loss=5.49, acc=0.0429]
train epoch 1:   8%|‚Ė\ufffd         | 35/418 [00:28<01:40,  3.83it/s, loss=17.9, f_loss=7.66, a_loss=4.8, v_loss=5.44, acc=0.0451] 
train epoch 1:   9%|‚Ė\ufffd         | 36/418 [00:28<01:39,  3.85it/s, loss=17.9, f_loss=7.66, a_loss=4.8, v_loss=5.44, acc=0.0451]
train epoch 1:   9%|‚Ė\ufffd         | 36/418 [00:28<01:39,  3.85it/s, loss=17.7, f_loss=7.55, a_loss=4.76, v_loss=5.38, acc=0.0473]
train epoch 1:   9%|‚Ė\ufffd         | 37/418 [00:28<01:38,  3.85it/s, loss=17.7, f_loss=7.55, a_loss=4.76, v_loss=5.38, acc=0.0473]
train epoch 1:   9%|‚Ė\ufffd         | 37/418 [00:28<01:38,  3.85it/s, loss=17.5, f_loss=7.46, a_loss=4.73, v_loss=5.34, acc=0.0461]
train epoch 1:   9%|‚Ė\ufffd         | 38/418 [00:28<01:39,  3.82it/s, loss=17.5, f_loss=7.46, a_loss=4.73, v_loss=5.34, acc=0.0461]
train epoch 1:   9%|‚Ė\ufffd         | 38/418 [00:29<01:39,  3.82it/s, loss=17.3, f_loss=7.36, a_loss=4.69, v_loss=5.29, acc=0.0513]
train epoch 1:   9%|‚Ė\ufffd         | 39/418 [00:29<01:39,  3.81it/s, loss=17.3, f_loss=7.36, a_loss=4.69, v_loss=5.29, acc=0.0513]
train epoch 1:   9%|‚Ė\ufffd         | 39/418 [00:29<01:39,  3.81it/s, loss=17.2, f_loss=7.26, a_loss=4.65, v_loss=5.24, acc=0.05]  
train epoch 1:  10%|‚Ė\ufffd         | 40/418 [00:29<01:38,  3.83it/s, loss=17.2, f_loss=7.26, a_loss=4.65, v_loss=5.24, acc=0.05]
train epoch 1:  10%|‚Ė\ufffd         | 40/418 [00:29<01:38,  3.83it/s, loss=17, f_loss=7.16, a_loss=4.61, v_loss=5.2, acc=0.0518] 
train epoch 1:  10%|‚Ė\ufffd         | 41/418 [00:29<01:38,  3.82it/s, loss=17, f_loss=7.16, a_loss=4.61, v_loss=5.2, acc=0.0518]
train epoch 1:  10%|‚Ė\ufffd         | 41/418 [00:29<01:38,  3.82it/s, loss=16.8, f_loss=7.07, a_loss=4.58, v_loss=5.16, acc=0.0506]
train epoch 1:  10%|‚Ė\ufffd         | 42/418 [00:29<01:40,  3.74it/s, loss=16.8, f_loss=7.07, a_loss=4.58, v_loss=5.16, acc=0.0506]
train epoch 1:  10%|‚Ė\ufffd         | 42/418 [00:30<01:40,  3.74it/s, loss=16.7, f_loss=6.99, a_loss=4.56, v_loss=5.12, acc=0.0523]
train epoch 1:  10%|‚Ė\ufffd         | 43/418 [00:30<01:39,  3.76it/s, loss=16.7, f_loss=6.99, a_loss=4.56, v_loss=5.12, acc=0.0523]
train epoch 1:  10%|‚Ė\ufffd         | 43/418 [00:30<01:39,  3.76it/s, loss=16.5, f_loss=6.92, a_loss=4.53, v_loss=5.08, acc=0.0511]
train epoch 1:  11%|‚Ė\ufffd         | 44/418 [00:30<01:39,  3.75it/s, loss=16.5, f_loss=6.92, a_loss=4.53, v_loss=5.08, acc=0.0511]
train epoch 1:  11%|‚Ė\ufffd         | 44/418 [00:30<01:39,  3.75it/s, loss=16.4, f_loss=6.84, a_loss=4.51, v_loss=5.04, acc=0.0556]
train epoch 1:  11%|‚Ė\ufffd         | 45/418 [00:30<01:39,  3.75it/s, loss=16.4, f_loss=6.84, a_loss=4.51, v_loss=5.04, acc=0.0556]
train epoch 1:  11%|‚Ė\ufffd         | 45/418 [00:30<01:39,  3.75it/s, loss=16.3, f_loss=6.77, a_loss=4.48, v_loss=5.01, acc=0.0571]
train epoch 1:  11%|‚Ė\ufffd         | 46/418 [00:30<01:39,  3.74it/s, loss=16.3, f_loss=6.77, a_loss=4.48, v_loss=5.01, acc=0.0571]
train epoch 1:  11%|‚Ė\ufffd         | 46/418 [00:31<01:39,  3.74it/s, loss=16.1, f_loss=6.69, a_loss=4.45, v_loss=4.97, acc=0.0612]
train epoch 1:  11%|‚Ė\ufffd         | 47/418 [00:31<01:39,  3.72it/s, loss=16.1, f_loss=6.69, a_loss=4.45, v_loss=4.97, acc=0.0612]
train epoch 1:  11%|‚Ė\ufffd         | 47/418 [00:31<01:39,  3.72it/s, loss=16, f_loss=6.62, a_loss=4.42, v_loss=4.94, acc=0.0651]  
train epoch 1:  11%|‚Ėą‚ĖŹ        | 48/418 [00:31<01:40,  3.69it/s, loss=16, f_loss=6.62, a_loss=4.42, v_loss=4.94, acc=0.0651]
train epoch 1:  11%|‚Ėą‚ĖŹ        | 48/418 [00:31<01:40,  3.69it/s, loss=15.9, f_loss=6.56, a_loss=4.41, v_loss=4.91, acc=0.0638]
train epoch 1:  12%|‚Ėą‚ĖŹ        | 49/418 [00:31<01:40,  3.67it/s, loss=15.9, f_loss=6.56, a_loss=4.41, v_loss=4.91, acc=0.0638]
train epoch 1:  12%|‚Ėą‚ĖŹ        | 49/418 [00:32<01:40,  3.67it/s, loss=15.8, f_loss=6.5, a_loss=4.39, v_loss=4.88, acc=0.065]  
train epoch 1:  12%|‚Ėą‚ĖŹ        | 50/418 [00:32<01:40,  3.66it/s, loss=15.8, f_loss=6.5, a_loss=4.39, v_loss=4.88, acc=0.065]
train epoch 1:  12%|‚Ėą‚ĖŹ        | 50/418 [00:32<01:40,  3.66it/s, loss=15.6, f_loss=6.44, a_loss=4.36, v_loss=4.85, acc=0.0662]
train epoch 1:  12%|‚Ėą‚ĖŹ        | 51/418 [00:32<01:39,  3.69it/s, loss=15.6, f_loss=6.44, a_loss=4.36, v_loss=4.85, acc=0.0662]
train epoch 1:  12%|‚Ėą‚ĖŹ        | 51/418 [00:32<01:39,  3.69it/s, loss=15.5, f_loss=6.37, a_loss=4.34, v_loss=4.82, acc=0.0649]
train epoch 1:  12%|‚Ėą‚ĖŹ        | 52/418 [00:32<01:38,  3.71it/s, loss=15.5, f_loss=6.37, a_loss=4.34, v_loss=4.82, acc=0.0649]
train epoch 1:  12%|‚Ėą‚ĖŹ        | 52/418 [00:32<01:38,  3.71it/s, loss=15.4, f_loss=6.32, a_loss=4.32, v_loss=4.8, acc=0.066]  
train epoch 1:  13%|‚Ėą‚Ėé        | 53/418 [00:32<01:37,  3.74it/s, loss=15.4, f_loss=6.32, a_loss=4.32, v_loss=4.8, acc=0.066]
train epoch 1:  13%|‚Ėą‚Ėé        | 53/418 [00:33<01:37,  3.74it/s, loss=15.3, f_loss=6.26, a_loss=4.3, v_loss=4.77, acc=0.0671]
train epoch 1:  13%|‚Ėą‚Ėé        | 54/418 [00:33<01:37,  3.75it/s, loss=15.3, f_loss=6.26, a_loss=4.3, v_loss=4.77, acc=0.0671]
train epoch 1:  13%|‚Ėą‚Ėé        | 54/418 [00:33<01:37,  3.75it/s, loss=15.2, f_loss=6.21, a_loss=4.28, v_loss=4.74, acc=0.0705]
train epoch 1:  13%|‚Ėą‚Ėé        | 55/418 [00:33<01:36,  3.76it/s, loss=15.2, f_loss=6.21, a_loss=4.28, v_loss=4.74, acc=0.0705]
train epoch 1:  13%|‚Ėą‚Ėé        | 55/418 [00:33<01:36,  3.76it/s, loss=15.1, f_loss=6.15, a_loss=4.27, v_loss=4.71, acc=0.0714]
train epoch 1:  13%|‚Ėą‚Ėé        | 56/418 [00:33<01:35,  3.79it/s, loss=15.1, f_loss=6.15, a_loss=4.27, v_loss=4.71, acc=0.0714]
train epoch 1:  13%|‚Ėą‚Ėé        | 56/418 [00:33<01:35,  3.79it/s, loss=15, f_loss=6.1, a_loss=4.25, v_loss=4.69, acc=0.0702]   
train epoch 1:  14%|‚Ėą‚Ėé        | 57/418 [00:33<01:35,  3.80it/s, loss=15, f_loss=6.1, a_loss=4.25, v_loss=4.69, acc=0.0702]
train epoch 1:  14%|‚Ėą‚Ėé        | 57/418 [00:34<01:35,  3.80it/s, loss=15, f_loss=6.05, a_loss=4.23, v_loss=4.67, acc=0.069]
train epoch 1:  14%|‚Ėą‚Ėć        | 58/418 [00:34<01:34,  3.80it/s, loss=15, f_loss=6.05, a_loss=4.23, v_loss=4.67, acc=0.069]
train epoch 1:  14%|‚Ėą‚Ėć        | 58/418 [00:34<01:34,  3.80it/s, loss=14.9, f_loss=6.01, a_loss=4.22, v_loss=4.65, acc=0.0678]
train epoch 1:  14%|‚Ėą‚Ėć        | 59/418 [00:34<01:34,  3.80it/s, loss=14.9, f_loss=6.01, a_loss=4.22, v_loss=4.65, acc=0.0678]
train epoch 1:  14%|‚Ėą‚Ėć        | 59/418 [00:34<01:34,  3.80it/s, loss=14.8, f_loss=5.96, a_loss=4.2, v_loss=4.62, acc=0.0688] 
train epoch 1:  14%|‚Ėą‚Ėć        | 60/418 [00:34<01:40,  3.55it/s, loss=14.8, f_loss=5.96, a_loss=4.2, v_loss=4.62, acc=0.0688]
train epoch 1:  14%|‚Ėą‚Ėć        | 60/418 [00:35<01:40,  3.55it/s, loss=14.7, f_loss=5.91, a_loss=4.18, v_loss=4.6, acc=0.0697]
train epoch 1:  15%|‚Ėą‚Ėć        | 61/418 [00:35<01:44,  3.40it/s, loss=14.7, f_loss=5.91, a_loss=4.18, v_loss=4.6, acc=0.0697]
train epoch 1:  15%|‚Ėą‚Ėć        | 61/418 [00:35<01:44,  3.40it/s, loss=14.6, f_loss=5.87, a_loss=4.17, v_loss=4.58, acc=0.0706]
train epoch 1:  15%|‚Ėą‚Ėć        | 62/418 [00:35<01:41,  3.50it/s, loss=14.6, f_loss=5.87, a_loss=4.17, v_loss=4.58, acc=0.0706]
train epoch 1:  15%|‚Ėą‚Ėć        | 62/418 [00:35<01:41,  3.50it/s, loss=14.5, f_loss=5.83, a_loss=4.15, v_loss=4.56, acc=0.0714]
train epoch 1:  15%|‚Ėą‚ĖĆ        | 63/418 [00:35<01:39,  3.57it/s, loss=14.5, f_loss=5.83, a_loss=4.15, v_loss=4.56, acc=0.0714]
train epoch 1:  15%|‚Ėą‚ĖĆ        | 63/418 [00:35<01:39,  3.57it/s, loss=14.5, f_loss=5.78, a_loss=4.14, v_loss=4.54, acc=0.0703]
train epoch 1:  15%|‚Ėą‚ĖĆ        | 64/418 [00:35<01:39,  3.56it/s, loss=14.5, f_loss=5.78, a_loss=4.14, v_loss=4.54, acc=0.0703]
train epoch 1:  15%|‚Ėą‚ĖĆ        | 64/418 [00:36<01:39,  3.56it/s, loss=14.4, f_loss=5.74, a_loss=4.12, v_loss=4.52, acc=0.0712]
train epoch 1:  16%|‚Ėą‚ĖĆ        | 65/418 [00:36<01:41,  3.49it/s, loss=14.4, f_loss=5.74, a_loss=4.12, v_loss=4.52, acc=0.0712]
train epoch 1:  16%|‚Ėą‚ĖĆ        | 65/418 [00:36<01:41,  3.49it/s, loss=14.3, f_loss=5.7, a_loss=4.11, v_loss=4.5, acc=0.0701]  
train epoch 1:  16%|‚Ėą‚ĖĆ        | 66/418 [00:36<01:37,  3.61it/s, loss=14.3, f_loss=5.7, a_loss=4.11, v_loss=4.5, acc=0.0701]
train epoch 1:  16%|‚Ėą‚ĖĆ        | 66/418 [00:36<01:37,  3.61it/s, loss=14.2, f_loss=5.67, a_loss=4.09, v_loss=4.49, acc=0.0709]
train epoch 1:  16%|‚Ėą‚ĖĆ        | 67/418 [00:36<01:35,  3.68it/s, loss=14.2, f_loss=5.67, a_loss=4.09, v_loss=4.49, acc=0.0709]
train epoch 1:  16%|‚Ėą‚ĖĆ        | 67/418 [00:36<01:35,  3.68it/s, loss=14.2, f_loss=5.63, a_loss=4.08, v_loss=4.47, acc=0.0699]
train epoch 1:  16%|‚Ėą‚Ėč        | 68/418 [00:36<01:34,  3.71it/s, loss=14.2, f_loss=5.63, a_loss=4.08, v_loss=4.47, acc=0.0699]
train epoch 1:  16%|‚Ėą‚Ėč        | 68/418 [00:37<01:34,  3.71it/s, loss=14.1, f_loss=5.6, a_loss=4.07, v_loss=4.45, acc=0.0707] 
train epoch 1:  17%|‚Ėą‚Ėč        | 69/418 [00:37<01:34,  3.71it/s, loss=14.1, f_loss=5.6, a_loss=4.07, v_loss=4.45, acc=0.0707]
train epoch 1:  17%|‚Ėą‚Ėč        | 69/418 [00:37<01:34,  3.71it/s, loss=14.1, f_loss=5.57, a_loss=4.06, v_loss=4.43, acc=0.0696]
train epoch 1:  17%|‚Ėą‚Ėč        | 70/418 [00:37<01:35,  3.66it/s, loss=14.1, f_loss=5.57, a_loss=4.06, v_loss=4.43, acc=0.0696]
train epoch 1:  17%|‚Ėą‚Ėč        | 70/418 [00:37<01:35,  3.66it/s, loss=14, f_loss=5.53, a_loss=4.05, v_loss=4.42, acc=0.0687]  
train epoch 1:  17%|‚Ėą‚Ėč        | 71/418 [00:37<01:38,  3.54it/s, loss=14, f_loss=5.53, a_loss=4.05, v_loss=4.42, acc=0.0687]
train epoch 1:  17%|‚Ėą‚Ėč        | 71/418 [00:38<01:38,  3.54it/s, loss=13.9, f_loss=5.5, a_loss=4.03, v_loss=4.4, acc=0.0677]
train epoch 1:  17%|‚Ėą‚Ėč        | 72/418 [00:38<01:39,  3.48it/s, loss=13.9, f_loss=5.5, a_loss=4.03, v_loss=4.4, acc=0.0677]
train epoch 1:  17%|‚Ėą‚Ėč        | 72/418 [00:38<01:39,  3.48it/s, loss=13.9, f_loss=5.48, a_loss=4.03, v_loss=4.4, acc=0.0668]
train epoch 1:  17%|‚Ėą‚Ėč        | 73/418 [00:38<01:37,  3.53it/s, loss=13.9, f_loss=5.48, a_loss=4.03, v_loss=4.4, acc=0.0668]
train epoch 1:  17%|‚Ėą‚Ėč        | 73/418 [00:38<01:37,  3.53it/s, loss=13.9, f_loss=5.46, a_loss=4.02, v_loss=4.39, acc=0.0659]
train epoch 1:  18%|‚Ėą‚Ėä        | 74/418 [00:38<01:35,  3.62it/s, loss=13.9, f_loss=5.46, a_loss=4.02, v_loss=4.39, acc=0.0659]
train epoch 1:  18%|‚Ėą‚Ėä        | 74/418 [00:38<01:35,  3.62it/s, loss=13.8, f_loss=5.43, a_loss=4.01, v_loss=4.37, acc=0.065] 
train epoch 1:  18%|‚Ėą‚Ėä        | 75/418 [00:38<01:33,  3.67it/s, loss=13.8, f_loss=5.43, a_loss=4.01, v_loss=4.37, acc=0.065]
train epoch 1:  18%|‚Ėą‚Ėä        | 75/418 [00:39<01:33,  3.67it/s, loss=13.8, f_loss=5.41, a_loss=4, v_loss=4.36, acc=0.0658]  
train epoch 1:  18%|‚Ėą‚Ėä        | 76/418 [00:39<01:31,  3.73it/s, loss=13.8, f_loss=5.41, a_loss=4, v_loss=4.36, acc=0.0658]
train epoch 1:  18%|‚Ėą‚Ėä        | 76/418 [00:39<01:31,  3.73it/s, loss=13.7, f_loss=5.38, a_loss=3.99, v_loss=4.35, acc=0.0666]
train epoch 1:  18%|‚Ėą‚Ėä        | 77/418 [00:39<01:31,  3.74it/s, loss=13.7, f_loss=5.38, a_loss=3.99, v_loss=4.35, acc=0.0666]
train epoch 1:  18%|‚Ėą‚Ėä        | 77/418 [00:39<01:31,  3.74it/s, loss=13.7, f_loss=5.35, a_loss=3.98, v_loss=4.34, acc=0.0657]
train epoch 1:  19%|‚Ėą‚Ėä        | 78/418 [00:39<01:30,  3.76it/s, loss=13.7, f_loss=5.35, a_loss=3.98, v_loss=4.34, acc=0.0657]
train epoch 1:  19%|‚Ėą‚Ėä        | 78/418 [00:39<01:30,  3.76it/s, loss=13.6, f_loss=5.32, a_loss=3.97, v_loss=4.32, acc=0.0665]
train epoch 1:  19%|‚Ėą‚ĖČ        | 79/418 [00:39<01:29,  3.78it/s, loss=13.6, f_loss=5.32, a_loss=3.97, v_loss=4.32, acc=0.0665]
train epoch 1:  19%|‚Ėą‚ĖČ        | 79/418 [00:40<01:29,  3.78it/s, loss=13.6, f_loss=5.3, a_loss=3.96, v_loss=4.31, acc=0.0656] 
train epoch 1:  19%|‚Ėą‚ĖČ        | 80/418 [00:40<01:29,  3.79it/s, loss=13.6, f_loss=5.3, a_loss=3.96, v_loss=4.31, acc=0.0656]
train epoch 1:  19%|‚Ėą‚ĖČ        | 80/418 [00:40<01:29,  3.79it/s, loss=13.5, f_loss=5.27, a_loss=3.95, v_loss=4.3, acc=0.0664]
train epoch 1:  19%|‚Ėą‚ĖČ        | 81/418 [00:40<01:29,  3.75it/s, loss=13.5, f_loss=5.27, a_loss=3.95, v_loss=4.3, acc=0.0664]
train epoch 1:  19%|‚Ėą‚ĖČ        | 81/418 [00:40<01:29,  3.75it/s, loss=13.5, f_loss=5.25, a_loss=3.94, v_loss=4.29, acc=0.0655]
train epoch 1:  20%|‚Ėą‚ĖČ        | 82/418 [00:40<01:28,  3.79it/s, loss=13.5, f_loss=5.25, a_loss=3.94, v_loss=4.29, acc=0.0655]
train epoch 1:  20%|‚Ėą‚ĖČ        | 82/418 [00:41<01:28,  3.79it/s, loss=13.4, f_loss=5.23, a_loss=3.94, v_loss=4.28, acc=0.0648]
train epoch 1:  20%|‚Ėą‚ĖČ        | 83/418 [00:41<01:28,  3.79it/s, loss=13.4, f_loss=5.23, a_loss=3.94, v_loss=4.28, acc=0.0648]
train epoch 1:  20%|‚Ėą‚ĖČ        | 83/418 [00:41<01:28,  3.79it/s, loss=13.4, f_loss=5.2, a_loss=3.93, v_loss=4.27, acc=0.067]  
train epoch 1:  20%|‚Ėą‚Ėą        | 84/418 [00:41<01:27,  3.80it/s, loss=13.4, f_loss=5.2, a_loss=3.93, v_loss=4.27, acc=0.067]
train epoch 1:  20%|‚Ėą‚Ėą        | 84/418 [00:41<01:27,  3.80it/s, loss=13.4, f_loss=5.19, a_loss=3.92, v_loss=4.26, acc=0.0662]
train epoch 1:  20%|‚Ėą‚Ėą        | 85/418 [00:41<01:27,  3.81it/s, loss=13.4, f_loss=5.19, a_loss=3.92, v_loss=4.26, acc=0.0662]
train epoch 1:  20%|‚Ėą‚Ėą        | 85/418 [00:41<01:27,  3.81it/s, loss=13.3, f_loss=5.16, a_loss=3.91, v_loss=4.25, acc=0.0669]
train epoch 1:  21%|‚Ėą‚Ėą        | 86/418 [00:41<01:26,  3.82it/s, loss=13.3, f_loss=5.16, a_loss=3.91, v_loss=4.25, acc=0.0669]
train epoch 1:  21%|‚Ėą‚Ėą        | 86/418 [00:42<01:26,  3.82it/s, loss=13.3, f_loss=5.13, a_loss=3.9, v_loss=4.24, acc=0.069]  
train epoch 1:  21%|‚Ėą‚Ėą        | 87/418 [00:42<01:26,  3.83it/s, loss=13.3, f_loss=5.13, a_loss=3.9, v_loss=4.24, acc=0.069]
train epoch 1:  21%|‚Ėą‚Ėą        | 87/418 [00:42<01:26,  3.83it/s, loss=13.2, f_loss=5.11, a_loss=3.89, v_loss=4.23, acc=0.0682]
train epoch 1:  21%|‚Ėą‚Ėą        | 88/418 [00:42<01:25,  3.84it/s, loss=13.2, f_loss=5.11, a_loss=3.89, v_loss=4.23, acc=0.0682]
train epoch 1:  21%|‚Ėą‚Ėą        | 88/418 [00:42<01:25,  3.84it/s, loss=13.2, f_loss=5.09, a_loss=3.88, v_loss=4.22, acc=0.0674]
train epoch 1:  21%|‚Ėą‚Ėą‚Ė\ufffd       | 89/418 [00:42<01:26,  3.81it/s, loss=13.2, f_loss=5.09, a_loss=3.88, v_loss=4.22, acc=0.0674]
train epoch 1:  21%|‚Ėą‚Ėą‚Ė\ufffd       | 89/418 [00:42<01:26,  3.81it/s, loss=13.1, f_loss=5.07, a_loss=3.87, v_loss=4.21, acc=0.0694]
train epoch 1:  22%|‚Ėą‚Ėą‚Ė\ufffd       | 90/418 [00:42<01:25,  3.84it/s, loss=13.1, f_loss=5.07, a_loss=3.87, v_loss=4.21, acc=0.0694]
train epoch 1:  22%|‚Ėą‚Ėą‚Ė\ufffd       | 90/418 [00:43<01:25,  3.84it/s, loss=13.1, f_loss=5.05, a_loss=3.87, v_loss=4.2, acc=0.0687] 
train epoch 1:  22%|‚Ėą‚Ėą‚Ė\ufffd       | 91/418 [00:43<01:27,  3.75it/s, loss=13.1, f_loss=5.05, a_loss=3.87, v_loss=4.2, acc=0.0687]
train epoch 1:  22%|‚Ėą‚Ėą‚Ė\ufffd       | 91/418 [00:43<01:27,  3.75it/s, loss=13.1, f_loss=5.03, a_loss=3.86, v_loss=4.19, acc=0.0679]
train epoch 1:  22%|‚Ėą‚Ėą‚Ė\ufffd       | 92/418 [00:43<01:26,  3.79it/s, loss=13.1, f_loss=5.03, a_loss=3.86, v_loss=4.19, acc=0.0679]
train epoch 1:  22%|‚Ėą‚Ėą‚Ė\ufffd       | 92/418 [00:43<01:26,  3.79it/s, loss=13, f_loss=5.01, a_loss=3.85, v_loss=4.18, acc=0.0672]  
train epoch 1:  22%|‚Ėą‚Ėą‚Ė\ufffd       | 93/418 [00:43<01:26,  3.74it/s, loss=13, f_loss=5.01, a_loss=3.85, v_loss=4.18, acc=0.0672]
train epoch 1:  22%|‚Ėą‚Ėą‚Ė\ufffd       | 93/418 [00:43<01:26,  3.74it/s, loss=13, f_loss=4.99, a_loss=3.85, v_loss=4.17, acc=0.0678]
train epoch 1:  22%|‚Ėą‚Ėą‚Ė\ufffd       | 94/418 [00:43<01:27,  3.71it/s, loss=13, f_loss=4.99, a_loss=3.85, v_loss=4.17, acc=0.0678]
train epoch 1:  22%|‚Ėą‚Ėą‚Ė\ufffd       | 94/418 [00:44<01:27,  3.71it/s, loss=13, f_loss=4.97, a_loss=3.84, v_loss=4.16, acc=0.0671]
train epoch 1:  23%|‚Ėą‚Ėą‚Ė\ufffd       | 95/418 [00:44<01:26,  3.74it/s, loss=13, f_loss=4.97, a_loss=3.84, v_loss=4.16, acc=0.0671]
train epoch 1:  23%|‚Ėą‚Ėą‚Ė\ufffd       | 95/418 [00:44<01:26,  3.74it/s, loss=12.9, f_loss=4.95, a_loss=3.84, v_loss=4.15, acc=0.0677]
train epoch 1:  23%|‚Ėą‚Ėą‚Ė\ufffd       | 96/418 [00:44<01:25,  3.78it/s, loss=12.9, f_loss=4.95, a_loss=3.84, v_loss=4.15, acc=0.0677]
train epoch 1:  23%|‚Ėą‚Ėą‚Ė\ufffd       | 96/418 [00:44<01:25,  3.78it/s, loss=12.9, f_loss=4.93, a_loss=3.83, v_loss=4.14, acc=0.067] 
train epoch 1:  23%|‚Ėą‚Ėą‚Ė\ufffd       | 97/418 [00:44<01:24,  3.79it/s, loss=12.9, f_loss=4.93, a_loss=3.83, v_loss=4.14, acc=0.067]
train epoch 1:  23%|‚Ėą‚Ėą‚Ė\ufffd       | 97/418 [00:44<01:24,  3.79it/s, loss=12.9, f_loss=4.92, a_loss=3.82, v_loss=4.13, acc=0.0676]
train epoch 1:  23%|‚Ėą‚Ėą‚Ė\ufffd       | 98/418 [00:44<01:24,  3.79it/s, loss=12.9, f_loss=4.92, a_loss=3.82, v_loss=4.13, acc=0.0676]
train epoch 1:  23%|‚Ėą‚Ėą‚Ė\ufffd       | 98/418 [00:45<01:24,  3.79it/s, loss=12.8, f_loss=4.9, a_loss=3.81, v_loss=4.12, acc=0.0682] 
train epoch 1:  24%|‚Ėą‚Ėą‚Ė\ufffd       | 99/418 [00:45<01:23,  3.80it/s, loss=12.8, f_loss=4.9, a_loss=3.81, v_loss=4.12, acc=0.0682]
train epoch 1:  24%|‚Ėą‚Ėą‚Ė\ufffd       | 99/418 [00:45<01:23,  3.80it/s, loss=12.8, f_loss=4.88, a_loss=3.81, v_loss=4.12, acc=0.0675]
train epoch 1:  24%|‚Ėą‚Ėą‚Ė\ufffd       | 100/418 [00:45<01:23,  3.80it/s, loss=12.8, f_loss=4.88, a_loss=3.81, v_loss=4.12, acc=0.0675]
train epoch 1:  24%|‚Ėą‚Ėą‚Ė\ufffd       | 100/418 [00:45<01:23,  3.80it/s, loss=12.8, f_loss=4.87, a_loss=3.8, v_loss=4.11, acc=0.0668] 
train epoch 1:  24%|‚Ėą‚Ėą‚Ė\ufffd       | 101/418 [00:45<01:25,  3.69it/s, loss=12.8, f_loss=4.87, a_loss=3.8, v_loss=4.11, acc=0.0668]
train epoch 1:  24%|‚Ėą‚Ėą‚Ė\ufffd       | 101/418 [00:46<01:25,  3.69it/s, loss=12.7, f_loss=4.85, a_loss=3.8, v_loss=4.1, acc=0.0674] 
train epoch 1:  24%|‚Ėą‚Ėą‚Ė\ufffd       | 102/418 [00:46<01:25,  3.70it/s, loss=12.7, f_loss=4.85, a_loss=3.8, v_loss=4.1, acc=0.0674]
train epoch 1:  24%|‚Ėą‚Ėą‚Ė\ufffd       | 102/418 [00:46<01:25,  3.70it/s, loss=12.7, f_loss=4.83, a_loss=3.79, v_loss=4.09, acc=0.0692]
train epoch 1:  25%|‚Ėą‚Ėą‚Ė\ufffd       | 103/418 [00:46<01:24,  3.72it/s, loss=12.7, f_loss=4.83, a_loss=3.79, v_loss=4.09, acc=0.0692]
train epoch 1:  25%|‚Ėą‚Ėą‚Ė\ufffd       | 103/418 [00:46<01:24,  3.72it/s, loss=12.7, f_loss=4.81, a_loss=3.78, v_loss=4.08, acc=0.0709]
train epoch 1:  25%|‚Ėą‚Ėą‚Ė\ufffd       | 104/418 [00:46<01:24,  3.73it/s, loss=12.7, f_loss=4.81, a_loss=3.78, v_loss=4.08, acc=0.0709]
train epoch 1:  25%|‚Ėą‚Ėą‚Ė\ufffd       | 104/418 [00:46<01:24,  3.73it/s, loss=12.6, f_loss=4.8, a_loss=3.78, v_loss=4.07, acc=0.0702] 
train epoch 1:  25%|‚Ėą‚Ėą‚Ė\ufffd       | 105/418 [00:46<01:23,  3.74it/s, loss=12.6, f_loss=4.8, a_loss=3.78, v_loss=4.07, acc=0.0702]
train epoch 1:  25%|‚Ėą‚Ėą‚Ė\ufffd       | 105/418 [00:47<01:23,  3.74it/s, loss=12.6, f_loss=4.78, a_loss=3.77, v_loss=4.07, acc=0.0696]
train epoch 1:  25%|‚Ėą‚Ėą‚Ė\ufffd       | 106/418 [00:47<01:23,  3.75it/s, loss=12.6, f_loss=4.78, a_loss=3.77, v_loss=4.07, acc=0.0696]
train epoch 1:  25%|‚Ėą‚Ėą‚Ė\ufffd       | 106/418 [00:47<01:23,  3.75it/s, loss=12.6, f_loss=4.77, a_loss=3.76, v_loss=4.06, acc=0.0701]
train epoch 1:  26%|‚Ėą‚Ėą‚Ė\ufffd       | 107/418 [00:47<01:23,  3.71it/s, loss=12.6, f_loss=4.77, a_loss=3.76, v_loss=4.06, acc=0.0701]
train epoch 1:  26%|‚Ėą‚Ėą‚Ė\ufffd       | 107/418 [00:47<01:23,  3.71it/s, loss=12.6, f_loss=4.75, a_loss=3.76, v_loss=4.05, acc=0.0694]
train epoch 1:  26%|‚Ėą‚Ėą‚Ė\ufffd       | 108/418 [00:47<01:24,  3.65it/s, loss=12.6, f_loss=4.75, a_loss=3.76, v_loss=4.05, acc=0.0694]
train epoch 1:  26%|‚Ėą‚Ėą‚Ė\ufffd       | 108/418 [00:47<01:24,  3.65it/s, loss=12.5, f_loss=4.74, a_loss=3.75, v_loss=4.05, acc=0.0688]
train epoch 1:  26%|‚Ėą‚Ėą‚Ė\ufffd       | 109/418 [00:47<01:24,  3.66it/s, loss=12.5, f_loss=4.74, a_loss=3.75, v_loss=4.05, acc=0.0688]
train epoch 1:  26%|‚Ėą‚Ėą‚Ė\ufffd       | 109/418 [00:48<01:24,  3.66it/s, loss=12.5, f_loss=4.72, a_loss=3.74, v_loss=4.04, acc=0.0716]
train epoch 1:  26%|‚Ėą‚Ėą‚Ė\ufffd       | 110/418 [00:48<01:26,  3.57it/s, loss=12.5, f_loss=4.72, a_loss=3.74, v_loss=4.04, acc=0.0716]
train epoch 1:  26%|‚Ėą‚Ėą‚Ė\ufffd       | 110/418 [00:48<01:26,  3.57it/s, loss=12.5, f_loss=4.7, a_loss=3.74, v_loss=4.03, acc=0.0709] 
train epoch 1:  27%|‚Ėą‚Ėą‚Ė\ufffd       | 111/418 [00:48<01:25,  3.58it/s, loss=12.5, f_loss=4.7, a_loss=3.74, v_loss=4.03, acc=0.0709]
train epoch 1:  27%|‚Ėą‚Ėą‚Ė\ufffd       | 111/418 [00:48<01:25,  3.58it/s, loss=12.5, f_loss=4.69, a_loss=3.73, v_loss=4.03, acc=0.0703]
train epoch 1:  27%|‚Ėą‚Ėą‚Ė\ufffd       | 112/418 [00:48<01:24,  3.62it/s, loss=12.5, f_loss=4.69, a_loss=3.73, v_loss=4.03, acc=0.0703]
train epoch 1:  27%|‚Ėą‚Ėą‚Ė\ufffd       | 112/418 [00:49<01:24,  3.62it/s, loss=12.4, f_loss=4.68, a_loss=3.73, v_loss=4.02, acc=0.0697]
train epoch 1:  27%|‚Ėą‚Ėą‚Ė\ufffd       | 113/418 [00:49<01:24,  3.59it/s, loss=12.4, f_loss=4.68, a_loss=3.73, v_loss=4.02, acc=0.0697]
train epoch 1:  27%|‚Ėą‚Ėą‚Ė\ufffd       | 113/418 [00:49<01:24,  3.59it/s, loss=12.4, f_loss=4.67, a_loss=3.72, v_loss=4.02, acc=0.0702]
train epoch 1:  27%|‚Ėą‚Ėą‚Ė\ufffd       | 114/418 [00:49<01:24,  3.61it/s, loss=12.4, f_loss=4.67, a_loss=3.72, v_loss=4.02, acc=0.0702]
train epoch 1:  27%|‚Ėą‚Ėą‚Ė\ufffd       | 114/418 [00:49<01:24,  3.61it/s, loss=12.4, f_loss=4.65, a_loss=3.72, v_loss=4.01, acc=0.0696]
train epoch 1:  28%|‚Ėą‚Ėą‚Ė\ufffd       | 115/418 [00:49<01:22,  3.69it/s, loss=12.4, f_loss=4.65, a_loss=3.72, v_loss=4.01, acc=0.0696]
train epoch 1:  28%|‚Ėą‚Ėą‚Ė\ufffd       | 115/418 [00:49<01:22,  3.69it/s, loss=12.4, f_loss=4.64, a_loss=3.71, v_loss=4, acc=0.069]    
train epoch 1:  28%|‚Ėą‚Ėą‚Ė\ufffd       | 116/418 [00:49<01:21,  3.72it/s, loss=12.4, f_loss=4.64, a_loss=3.71, v_loss=4, acc=0.069]
train epoch 1:  28%|‚Ėą‚Ėą‚Ė\ufffd       | 116/418 [00:50<01:21,  3.72it/s, loss=12.3, f_loss=4.63, a_loss=3.71, v_loss=4, acc=0.0694]
train epoch 1:  28%|‚Ėą‚Ėą‚Ė\ufffd       | 117/418 [00:50<01:19,  3.77it/s, loss=12.3, f_loss=4.63, a_loss=3.71, v_loss=4, acc=0.0694]
train epoch 1:  28%|‚Ėą‚Ėą‚Ė\ufffd       | 117/418 [00:50<01:19,  3.77it/s, loss=12.3, f_loss=4.61, a_loss=3.7, v_loss=3.99, acc=0.0699]
train epoch 1:  28%|‚Ėą‚Ėą‚Ė\ufffd       | 118/418 [00:50<01:20,  3.75it/s, loss=12.3, f_loss=4.61, a_loss=3.7, v_loss=3.99, acc=0.0699]
train epoch 1:  28%|‚Ėą‚Ėą‚Ė\ufffd       | 118/418 [00:50<01:20,  3.75it/s, loss=12.3, f_loss=4.6, a_loss=3.7, v_loss=3.98, acc=0.0704] 
train epoch 1:  28%|‚Ėą‚Ėą‚Ė\ufffd       | 119/418 [00:50<01:19,  3.74it/s, loss=12.3, f_loss=4.6, a_loss=3.7, v_loss=3.98, acc=0.0704]
train epoch 1:  28%|‚Ėą‚Ėą‚Ė\ufffd       | 119/418 [00:50<01:19,  3.74it/s, loss=12.3, f_loss=4.58, a_loss=3.69, v_loss=3.98, acc=0.0708]
train epoch 1:  29%|‚Ėą‚Ėą‚Ė\ufffd       | 120/418 [00:50<01:19,  3.74it/s, loss=12.3, f_loss=4.58, a_loss=3.69, v_loss=3.98, acc=0.0708]
train epoch 1:  29%|‚Ėą‚Ėą‚Ė\ufffd       | 120/418 [00:51<01:19,  3.74it/s, loss=12.2, f_loss=4.57, a_loss=3.68, v_loss=3.97, acc=0.0713]
train epoch 1:  29%|‚Ėą‚Ėą‚Ė\ufffd       | 121/418 [00:51<01:19,  3.75it/s, loss=12.2, f_loss=4.57, a_loss=3.68, v_loss=3.97, acc=0.0713]
train epoch 1:  29%|‚Ėą‚Ėą‚Ė\ufffd       | 121/418 [00:51<01:19,  3.75it/s, loss=12.2, f_loss=4.56, a_loss=3.68, v_loss=3.97, acc=0.0717]
train epoch 1:  29%|‚Ėą‚Ėą‚Ė\ufffd       | 122/418 [00:51<01:19,  3.74it/s, loss=12.2, f_loss=4.56, a_loss=3.68, v_loss=3.97, acc=0.0717]
train epoch 1:  29%|‚Ėą‚Ėą‚Ė\ufffd       | 122/418 [00:51<01:19,  3.74it/s, loss=12.2, f_loss=4.55, a_loss=3.67, v_loss=3.96, acc=0.0722]
train epoch 1:  29%|‚Ėą‚Ėą‚Ė\ufffd       | 123/418 [00:51<01:18,  3.77it/s, loss=12.2, f_loss=4.55, a_loss=3.67, v_loss=3.96, acc=0.0722]
train epoch 1:  29%|‚Ėą‚Ėą‚Ė\ufffd       | 123/418 [00:52<01:18,  3.77it/s, loss=12.2, f_loss=4.54, a_loss=3.67, v_loss=3.95, acc=0.0726]
train epoch 1:  30%|‚Ėą‚Ėą‚Ė\ufffd       | 124/418 [00:52<01:18,  3.76it/s, loss=12.2, f_loss=4.54, a_loss=3.67, v_loss=3.95, acc=0.0726]
train epoch 1:  30%|‚Ėą‚Ėą‚Ė\ufffd       | 124/418 [00:52<01:18,  3.76it/s, loss=12.1, f_loss=4.52, a_loss=3.67, v_loss=3.95, acc=0.073] 
train epoch 1:  30%|‚Ėą‚Ėą‚Ė\ufffd       | 125/418 [00:52<01:17,  3.80it/s, loss=12.1, f_loss=4.52, a_loss=3.67, v_loss=3.95, acc=0.073]
train epoch 1:  30%|‚Ėą‚Ėą‚Ė\ufffd       | 125/418 [00:52<01:17,  3.80it/s, loss=12.1, f_loss=4.51, a_loss=3.66, v_loss=3.94, acc=0.0734]
train epoch 1:  30%|‚Ėą‚Ėą‚Ė\ufffd       | 126/418 [00:52<01:16,  3.79it/s, loss=12.1, f_loss=4.51, a_loss=3.66, v_loss=3.94, acc=0.0734]
train epoch 1:  30%|‚Ėą‚Ėą‚Ė\ufffd       | 126/418 [00:52<01:16,  3.79it/s, loss=12.1, f_loss=4.5, a_loss=3.66, v_loss=3.94, acc=0.0728] 
train epoch 1:  30%|‚Ėą‚Ėą‚Ė\ufffd       | 127/418 [00:52<01:16,  3.79it/s, loss=12.1, f_loss=4.5, a_loss=3.66, v_loss=3.94, acc=0.0728]
train epoch 1:  30%|‚Ėą‚Ėą‚Ė\ufffd       | 127/418 [00:53<01:16,  3.79it/s, loss=12.1, f_loss=4.49, a_loss=3.65, v_loss=3.93, acc=0.0732]
train epoch 1:  31%|‚Ėą‚Ėą‚Ė\ufffd       | 128/418 [00:53<01:16,  3.80it/s, loss=12.1, f_loss=4.49, a_loss=3.65, v_loss=3.93, acc=0.0732]
train epoch 1:  31%|‚Ėą‚Ėą‚Ė\ufffd       | 128/418 [00:53<01:16,  3.80it/s, loss=12.1, f_loss=4.48, a_loss=3.65, v_loss=3.93, acc=0.0727]
train epoch 1:  31%|‚Ėą‚Ėą‚Ė\ufffd       | 129/418 [00:53<01:15,  3.82it/s, loss=12.1, f_loss=4.48, a_loss=3.65, v_loss=3.93, acc=0.0727]
train epoch 1:  31%|‚Ėą‚Ėą‚Ė\ufffd       | 129/418 [00:53<01:15,  3.82it/s, loss=12, f_loss=4.47, a_loss=3.64, v_loss=3.92, acc=0.0721]  
train epoch 1:  31%|‚Ėą‚Ėą‚Ė\ufffd       | 130/418 [00:53<01:15,  3.82it/s, loss=12, f_loss=4.47, a_loss=3.64, v_loss=3.92, acc=0.0721]
train epoch 1:  31%|‚Ėą‚Ėą‚Ė\ufffd       | 130/418 [00:53<01:15,  3.82it/s, loss=12, f_loss=4.46, a_loss=3.64, v_loss=3.92, acc=0.0716]
train epoch 1:  31%|‚Ėą‚Ėą‚Ėą‚ĖŹ      | 131/418 [00:53<01:15,  3.83it/s, loss=12, f_loss=4.46, a_loss=3.64, v_loss=3.92, acc=0.0716]
train epoch 1:  31%|‚Ėą‚Ėą‚Ėą‚ĖŹ      | 131/418 [00:54<01:15,  3.83it/s, loss=12, f_loss=4.45, a_loss=3.64, v_loss=3.91, acc=0.071] 
train epoch 1:  32%|‚Ėą‚Ėą‚Ėą‚ĖŹ      | 132/418 [00:54<01:15,  3.80it/s, loss=12, f_loss=4.45, a_loss=3.64, v_loss=3.91, acc=0.071]
train epoch 1:  32%|‚Ėą‚Ėą‚Ėą‚ĖŹ      | 132/418 [00:54<01:15,  3.80it/s, loss=12, f_loss=4.44, a_loss=3.63, v_loss=3.91, acc=0.0705]
train epoch 1:  32%|‚Ėą‚Ėą‚Ėą‚ĖŹ      | 133/418 [00:54<01:15,  3.80it/s, loss=12, f_loss=4.44, a_loss=3.63, v_loss=3.91, acc=0.0705]
train epoch 1:  32%|‚Ėą‚Ėą‚Ėą‚ĖŹ      | 133/418 [00:54<01:15,  3.80it/s, loss=12, f_loss=4.43, a_loss=3.63, v_loss=3.9, acc=0.0709] 
train epoch 1:  32%|‚Ėą‚Ėą‚Ėą‚ĖŹ      | 134/418 [00:54<01:14,  3.80it/s, loss=12, f_loss=4.43, a_loss=3.63, v_loss=3.9, acc=0.0709]
train epoch 1:  32%|‚Ėą‚Ėą‚Ėą‚ĖŹ      | 134/418 [00:54<01:14,  3.80it/s, loss=12, f_loss=4.42, a_loss=3.63, v_loss=3.9, acc=0.0704]
train epoch 1:  32%|‚Ėą‚Ėą‚Ėą‚ĖŹ      | 135/418 [00:54<01:14,  3.81it/s, loss=12, f_loss=4.42, a_loss=3.63, v_loss=3.9, acc=0.0704]
train epoch 1:  32%|‚Ėą‚Ėą‚Ėą‚ĖŹ      | 135/418 [00:55<01:14,  3.81it/s, loss=11.9, f_loss=4.41, a_loss=3.62, v_loss=3.9, acc=0.0699]
train epoch 1:  33%|‚Ėą‚Ėą‚Ėą‚Ėé      | 136/418 [00:55<01:13,  3.83it/s, loss=11.9, f_loss=4.41, a_loss=3.62, v_loss=3.9, acc=0.0699]
train epoch 1:  33%|‚Ėą‚Ėą‚Ėą‚Ėé      | 136/418 [00:55<01:13,  3.83it/s, loss=11.9, f_loss=4.4, a_loss=3.62, v_loss=3.89, acc=0.0693]
train epoch 1:  33%|‚Ėą‚Ėą‚Ėą‚Ėé      | 137/418 [00:55<01:13,  3.82it/s, loss=11.9, f_loss=4.4, a_loss=3.62, v_loss=3.89, acc=0.0693]
train epoch 1:  33%|‚Ėą‚Ėą‚Ėą‚Ėé      | 137/418 [00:55<01:13,  3.82it/s, loss=11.9, f_loss=4.4, a_loss=3.62, v_loss=3.89, acc=0.0688]
train epoch 1:  33%|‚Ėą‚Ėą‚Ėą‚Ėé      | 138/418 [00:55<01:12,  3.84it/s, loss=11.9, f_loss=4.4, a_loss=3.62, v_loss=3.89, acc=0.0688]
train epoch 1:  33%|‚Ėą‚Ėą‚Ėą‚Ėé      | 138/418 [00:55<01:12,  3.84it/s, loss=11.9, f_loss=4.39, a_loss=3.61, v_loss=3.89, acc=0.0692]
train epoch 1:  33%|‚Ėą‚Ėą‚Ėą‚Ėé      | 139/418 [00:55<01:12,  3.85it/s, loss=11.9, f_loss=4.39, a_loss=3.61, v_loss=3.89, acc=0.0692]
train epoch 1:  33%|‚Ėą‚Ėą‚Ėą‚Ėé      | 139/418 [00:56<01:12,  3.85it/s, loss=11.9, f_loss=4.38, a_loss=3.61, v_loss=3.88, acc=0.0696]
train epoch 1:  33%|‚Ėą‚Ėą‚Ėą‚Ėé      | 140/418 [00:56<01:12,  3.82it/s, loss=11.9, f_loss=4.38, a_loss=3.61, v_loss=3.88, acc=0.0696]
train epoch 1:  33%|‚Ėą‚Ėą‚Ėą‚Ėé      | 140/418 [00:56<01:12,  3.82it/s, loss=11.8, f_loss=4.37, a_loss=3.6, v_loss=3.88, acc=0.07]   
train epoch 1:  34%|‚Ėą‚Ėą‚Ėą‚Ėé      | 141/418 [00:56<01:12,  3.83it/s, loss=11.8, f_loss=4.37, a_loss=3.6, v_loss=3.88, acc=0.07]
train epoch 1:  34%|‚Ėą‚Ėą‚Ėą‚Ėé      | 141/418 [00:56<01:12,  3.83it/s, loss=11.8, f_loss=4.36, a_loss=3.6, v_loss=3.87, acc=0.0704]
train epoch 1:  34%|‚Ėą‚Ėą‚Ėą‚Ėć      | 142/418 [00:56<01:12,  3.83it/s, loss=11.8, f_loss=4.36, a_loss=3.6, v_loss=3.87, acc=0.0704]
train epoch 1:  34%|‚Ėą‚Ėą‚Ėą‚Ėć      | 142/418 [00:56<01:12,  3.83it/s, loss=11.8, f_loss=4.35, a_loss=3.6, v_loss=3.87, acc=0.0717]
train epoch 1:  34%|‚Ėą‚Ėą‚Ėą‚Ėć      | 143/418 [00:56<01:11,  3.83it/s, loss=11.8, f_loss=4.35, a_loss=3.6, v_loss=3.87, acc=0.0717]
train epoch 1:  34%|‚Ėą‚Ėą‚Ėą‚Ėć      | 143/418 [00:57<01:11,  3.83it/s, loss=11.8, f_loss=4.34, a_loss=3.59, v_loss=3.86, acc=0.0729]
train epoch 1:  34%|‚Ėą‚Ėą‚Ėą‚Ėć      | 144/418 [00:57<01:12,  3.78it/s, loss=11.8, f_loss=4.34, a_loss=3.59, v_loss=3.86, acc=0.0729]
train epoch 1:  34%|‚Ėą‚Ėą‚Ėą‚Ėć      | 144/418 [00:57<01:12,  3.78it/s, loss=11.8, f_loss=4.33, a_loss=3.59, v_loss=3.86, acc=0.0724]
train epoch 1:  35%|‚Ėą‚Ėą‚Ėą‚Ėć      | 145/418 [00:57<01:11,  3.79it/s, loss=11.8, f_loss=4.33, a_loss=3.59, v_loss=3.86, acc=0.0724]
train epoch 1:  35%|‚Ėą‚Ėą‚Ėą‚Ėć      | 145/418 [00:57<01:11,  3.79it/s, loss=11.8, f_loss=4.33, a_loss=3.59, v_loss=3.85, acc=0.0728]
train epoch 1:  35%|‚Ėą‚Ėą‚Ėą‚Ėć      | 146/418 [00:57<01:11,  3.81it/s, loss=11.8, f_loss=4.33, a_loss=3.59, v_loss=3.85, acc=0.0728]
train epoch 1:  35%|‚Ėą‚Ėą‚Ėą‚Ėć      | 146/418 [00:58<01:11,  3.81it/s, loss=11.8, f_loss=4.32, a_loss=3.58, v_loss=3.85, acc=0.074] 
train epoch 1:  35%|‚Ėą‚Ėą‚Ėą‚ĖĆ      | 147/418 [00:58<01:11,  3.81it/s, loss=11.8, f_loss=4.32, a_loss=3.58, v_loss=3.85, acc=0.074]
train epoch 1:  35%|‚Ėą‚Ėą‚Ėą‚ĖĆ      | 147/418 [00:58<01:11,  3.81it/s, loss=11.7, f_loss=4.31, a_loss=3.58, v_loss=3.85, acc=0.0743]
train epoch 1:  35%|‚Ėą‚Ėą‚Ėą‚ĖĆ      | 148/418 [00:58<01:10,  3.81it/s, loss=11.7, f_loss=4.31, a_loss=3.58, v_loss=3.85, acc=0.0743]
train epoch 1:  35%|‚Ėą‚Ėą‚Ėą‚ĖĆ      | 148/418 [00:58<01:10,  3.81it/s, loss=11.7, f_loss=4.3, a_loss=3.58, v_loss=3.84, acc=0.0747] 
train epoch 1:  36%|‚Ėą‚Ėą‚Ėą‚ĖĆ      | 149/418 [00:58<01:10,  3.79it/s, loss=11.7, f_loss=4.3, a_loss=3.58, v_loss=3.84, acc=0.0747]
train epoch 1:  36%|‚Ėą‚Ėą‚Ėą‚ĖĆ      | 149/418 [00:58<01:10,  3.79it/s, loss=11.7, f_loss=4.29, a_loss=3.57, v_loss=3.84, acc=0.0758]
train epoch 1:  36%|‚Ėą‚Ėą‚Ėą‚ĖĆ      | 150/418 [00:58<01:10,  3.79it/s, loss=11.7, f_loss=4.29, a_loss=3.57, v_loss=3.84, acc=0.0758]
train epoch 1:  36%|‚Ėą‚Ėą‚Ėą‚ĖĆ      | 150/418 [00:59<01:10,  3.79it/s, loss=11.7, f_loss=4.28, a_loss=3.57, v_loss=3.83, acc=0.0753]
train epoch 1:  36%|‚Ėą‚Ėą‚Ėą‚ĖĆ      | 151/418 [00:59<01:09,  3.84it/s, loss=11.7, f_loss=4.28, a_loss=3.57, v_loss=3.83, acc=0.0753]
train epoch 1:  36%|‚Ėą‚Ėą‚Ėą‚ĖĆ      | 151/418 [00:59<01:09,  3.84it/s, loss=11.7, f_loss=4.27, a_loss=3.56, v_loss=3.83, acc=0.0773]
train epoch 1:  36%|‚Ėą‚Ėą‚Ėą‚Ėč      | 152/418 [00:59<01:08,  3.86it/s, loss=11.7, f_loss=4.27, a_loss=3.56, v_loss=3.83, acc=0.0773]
train epoch 1:  36%|‚Ėą‚Ėą‚Ėą‚Ėč      | 152/418 [00:59<01:08,  3.86it/s, loss=11.6, f_loss=4.26, a_loss=3.56, v_loss=3.82, acc=0.0792]
train epoch 1:  37%|‚Ėą‚Ėą‚Ėą‚Ėč      | 153/418 [00:59<01:08,  3.86it/s, loss=11.6, f_loss=4.26, a_loss=3.56, v_loss=3.82, acc=0.0792]
train epoch 1:  37%|‚Ėą‚Ėą‚Ėą‚Ėč      | 153/418 [00:59<01:08,  3.86it/s, loss=11.6, f_loss=4.25, a_loss=3.56, v_loss=3.82, acc=0.0787]
train epoch 1:  37%|‚Ėą‚Ėą‚Ėą‚Ėč      | 154/418 [00:59<01:08,  3.87it/s, loss=11.6, f_loss=4.25, a_loss=3.56, v_loss=3.82, acc=0.0787]
train epoch 1:  37%|‚Ėą‚Ėą‚Ėą‚Ėč      | 154/418 [01:00<01:08,  3.87it/s, loss=11.6, f_loss=4.24, a_loss=3.55, v_loss=3.82, acc=0.0798]
train epoch 1:  37%|‚Ėą‚Ėą‚Ėą‚Ėč      | 155/418 [01:00<01:07,  3.87it/s, loss=11.6, f_loss=4.24, a_loss=3.55, v_loss=3.82, acc=0.0798]
train epoch 1:  37%|‚Ėą‚Ėą‚Ėą‚Ėč      | 155/418 [01:00<01:07,  3.87it/s, loss=11.6, f_loss=4.23, a_loss=3.55, v_loss=3.81, acc=0.0793]
train epoch 1:  37%|‚Ėą‚Ėą‚Ėą‚Ėč      | 156/418 [01:00<01:07,  3.87it/s, loss=11.6, f_loss=4.23, a_loss=3.55, v_loss=3.81, acc=0.0793]
train epoch 1:  37%|‚Ėą‚Ėą‚Ėą‚Ėč      | 156/418 [01:00<01:07,  3.87it/s, loss=11.6, f_loss=4.23, a_loss=3.55, v_loss=3.81, acc=0.0796]
train epoch 1:  38%|‚Ėą‚Ėą‚Ėą‚Ėä      | 157/418 [01:00<01:07,  3.87it/s, loss=11.6, f_loss=4.23, a_loss=3.55, v_loss=3.81, acc=0.0796]
train epoch 1:  38%|‚Ėą‚Ėą‚Ėą‚Ėä      | 157/418 [01:00<01:07,  3.87it/s, loss=11.6, f_loss=4.22, a_loss=3.54, v_loss=3.81, acc=0.0791]
train epoch 1:  38%|‚Ėą‚Ėą‚Ėą‚Ėä      | 158/418 [01:00<01:06,  3.88it/s, loss=11.6, f_loss=4.22, a_loss=3.54, v_loss=3.81, acc=0.0791]
train epoch 1:  38%|‚Ėą‚Ėą‚Ėą‚Ėä      | 158/418 [01:01<01:06,  3.88it/s, loss=11.6, f_loss=4.22, a_loss=3.55, v_loss=3.8, acc=0.0786] 
train epoch 1:  38%|‚Ėą‚Ėą‚Ėą‚Ėä      | 159/418 [01:01<01:08,  3.76it/s, loss=11.6, f_loss=4.22, a_loss=3.55, v_loss=3.8, acc=0.0786]
train epoch 1:  38%|‚Ėą‚Ėą‚Ėą‚Ėä      | 159/418 [01:01<01:08,  3.76it/s, loss=11.6, f_loss=4.21, a_loss=3.54, v_loss=3.8, acc=0.0789]
train epoch 1:  38%|‚Ėą‚Ėą‚Ėą‚Ėä      | 160/418 [01:01<01:10,  3.68it/s, loss=11.6, f_loss=4.21, a_loss=3.54, v_loss=3.8, acc=0.0789]
train epoch 1:  38%|‚Ėą‚Ėą‚Ėą‚Ėä      | 160/418 [01:01<01:10,  3.68it/s, loss=11.5, f_loss=4.2, a_loss=3.54, v_loss=3.8, acc=0.08]   
train epoch 1:  39%|‚Ėą‚Ėą‚Ėą‚Ėä      | 161/418 [01:01<01:11,  3.58it/s, loss=11.5, f_loss=4.2, a_loss=3.54, v_loss=3.8, acc=0.08]
train epoch 1:  39%|‚Ėą‚Ėą‚Ėą‚Ėä      | 161/418 [01:02<01:11,  3.58it/s, loss=11.5, f_loss=4.19, a_loss=3.54, v_loss=3.79, acc=0.0795]
train epoch 1:  39%|‚Ėą‚Ėą‚Ėą‚ĖČ      | 162/418 [01:02<01:09,  3.67it/s, loss=11.5, f_loss=4.19, a_loss=3.54, v_loss=3.79, acc=0.0795]
train epoch 1:  39%|‚Ėą‚Ėą‚Ėą‚ĖČ      | 162/418 [01:02<01:09,  3.67it/s, loss=11.5, f_loss=4.18, a_loss=3.53, v_loss=3.79, acc=0.0813]
train epoch 1:  39%|‚Ėą‚Ėą‚Ėą‚ĖČ      | 163/418 [01:02<01:08,  3.72it/s, loss=11.5, f_loss=4.18, a_loss=3.53, v_loss=3.79, acc=0.0813]
train epoch 1:  39%|‚Ėą‚Ėą‚Ėą‚ĖČ      | 163/418 [01:02<01:08,  3.72it/s, loss=11.5, f_loss=4.18, a_loss=3.52, v_loss=3.79, acc=0.0808]
train epoch 1:  39%|‚Ėą‚Ėą‚Ėą‚ĖČ      | 164/418 [01:02<01:07,  3.75it/s, loss=11.5, f_loss=4.18, a_loss=3.52, v_loss=3.79, acc=0.0808]
train epoch 1:  39%|‚Ėą‚Ėą‚Ėą‚ĖČ      | 164/418 [01:02<01:07,  3.75it/s, loss=11.5, f_loss=4.17, a_loss=3.52, v_loss=3.78, acc=0.0811]
train epoch 1:  39%|‚Ėą‚Ėą‚Ėą‚ĖČ      | 165/418 [01:02<01:06,  3.78it/s, loss=11.5, f_loss=4.17, a_loss=3.52, v_loss=3.78, acc=0.0811]
train epoch 1:  39%|‚Ėą‚Ėą‚Ėą‚ĖČ      | 165/418 [01:03<01:06,  3.78it/s, loss=11.5, f_loss=4.16, a_loss=3.52, v_loss=3.78, acc=0.0806]
train epoch 1:  40%|‚Ėą‚Ėą‚Ėą‚ĖČ      | 166/418 [01:03<01:06,  3.81it/s, loss=11.5, f_loss=4.16, a_loss=3.52, v_loss=3.78, acc=0.0806]
train epoch 1:  40%|‚Ėą‚Ėą‚Ėą‚ĖČ      | 166/418 [01:03<01:06,  3.81it/s, loss=11.5, f_loss=4.16, a_loss=3.52, v_loss=3.78, acc=0.0801]
train epoch 1:  40%|‚Ėą‚Ėą‚Ėą‚ĖČ      | 167/418 [01:03<01:05,  3.83it/s, loss=11.5, f_loss=4.16, a_loss=3.52, v_loss=3.78, acc=0.0801]
train epoch 1:  40%|‚Ėą‚Ėą‚Ėą‚ĖČ      | 167/418 [01:03<01:05,  3.83it/s, loss=11.4, f_loss=4.16, a_loss=3.52, v_loss=3.77, acc=0.0796]
train epoch 1:  40%|‚Ėą‚Ėą‚Ėą‚Ėą      | 168/418 [01:03<01:05,  3.84it/s, loss=11.4, f_loss=4.16, a_loss=3.52, v_loss=3.77, acc=0.0796]
train epoch 1:  40%|‚Ėą‚Ėą‚Ėą‚Ėą      | 168/418 [01:03<01:05,  3.84it/s, loss=11.4, f_loss=4.15, a_loss=3.52, v_loss=3.77, acc=0.0791]
train epoch 1:  40%|‚Ėą‚Ėą‚Ėą‚Ėą      | 169/418 [01:03<01:04,  3.83it/s, loss=11.4, f_loss=4.15, a_loss=3.52, v_loss=3.77, acc=0.0791]
train epoch 1:  40%|‚Ėą‚Ėą‚Ėą‚Ėą      | 169/418 [01:04<01:04,  3.83it/s, loss=11.4, f_loss=4.14, a_loss=3.51, v_loss=3.77, acc=0.0801]
train epoch 1:  41%|‚Ėą‚Ėą‚Ėą‚Ėą      | 170/418 [01:04<01:04,  3.84it/s, loss=11.4, f_loss=4.14, a_loss=3.51, v_loss=3.77, acc=0.0801]
train epoch 1:  41%|‚Ėą‚Ėą‚Ėą‚Ėą      | 170/418 [01:04<01:04,  3.84it/s, loss=11.4, f_loss=4.14, a_loss=3.51, v_loss=3.77, acc=0.0797]
train epoch 1:  41%|‚Ėą‚Ėą‚Ėą‚Ėą      | 171/418 [01:04<01:04,  3.85it/s, loss=11.4, f_loss=4.14, a_loss=3.51, v_loss=3.77, acc=0.0797]
train epoch 1:  41%|‚Ėą‚Ėą‚Ėą‚Ėą      | 171/418 [01:04<01:04,  3.85it/s, loss=11.4, f_loss=4.13, a_loss=3.5, v_loss=3.76, acc=0.0807] 
train epoch 1:  41%|‚Ėą‚Ėą‚Ėą‚Ėą      | 172/418 [01:04<01:03,  3.85it/s, loss=11.4, f_loss=4.13, a_loss=3.5, v_loss=3.76, acc=0.0807]
train epoch 1:  41%|‚Ėą‚Ėą‚Ėą‚Ėą      | 172/418 [01:04<01:03,  3.85it/s, loss=11.4, f_loss=4.12, a_loss=3.5, v_loss=3.76, acc=0.0802]
train epoch 1:  41%|‚Ėą‚Ėą‚Ėą‚Ėą‚Ė\ufffd     | 173/418 [01:04<01:03,  3.84it/s, loss=11.4, f_loss=4.12, a_loss=3.5, v_loss=3.76, acc=0.0802]
train epoch 1:  41%|‚Ėą‚Ėą‚Ėą‚Ėą‚Ė\ufffd     | 173/418 [01:05<01:03,  3.84it/s, loss=11.4, f_loss=4.12, a_loss=3.5, v_loss=3.76, acc=0.0797]
train epoch 1:  42%|‚Ėą‚Ėą‚Ėą‚Ėą‚Ė\ufffd     | 174/418 [01:05<01:04,  3.81it/s, loss=11.4, f_loss=4.12, a_loss=3.5, v_loss=3.76, acc=0.0797]
train epoch 1:  42%|‚Ėą‚Ėą‚Ėą‚Ėą‚Ė\ufffd     | 174/418 [01:05<01:04,  3.81it/s, loss=11.4, f_loss=4.11, a_loss=3.5, v_loss=3.75, acc=0.08]  
train epoch 1:  42%|‚Ėą‚Ėą‚Ėą‚Ėą‚Ė\ufffd     | 175/418 [01:05<01:03,  3.82it/s, loss=11.4, f_loss=4.11, a_loss=3.5, v_loss=3.75, acc=0.08]
train epoch 1:  42%|‚Ėą‚Ėą‚Ėą‚Ėą‚Ė\ufffd     | 175/418 [01:05<01:03,  3.82it/s, loss=11.3, f_loss=4.1, a_loss=3.49, v_loss=3.75, acc=0.0803]
train epoch 1:  42%|‚Ėą‚Ėą‚Ėą‚Ėą‚Ė\ufffd     | 176/418 [01:05<01:03,  3.83it/s, loss=11.3, f_loss=4.1, a_loss=3.49, v_loss=3.75, acc=0.0803]
train epoch 1:  42%|‚Ėą‚Ėą‚Ėą‚Ėą‚Ė\ufffd     | 176/418 [01:05<01:03,  3.83it/s, loss=11.3, f_loss=4.1, a_loss=3.49, v_loss=3.75, acc=0.0805]
train epoch 1:  42%|‚Ėą‚Ėą‚Ėą‚Ėą‚Ė\ufffd     | 177/418 [01:05<01:02,  3.83it/s, loss=11.3, f_loss=4.1, a_loss=3.49, v_loss=3.75, acc=0.0805]
train epoch 1:  42%|‚Ėą‚Ėą‚Ėą‚Ėą‚Ė\ufffd     | 177/418 [01:06<01:02,  3.83it/s, loss=11.3, f_loss=4.09, a_loss=3.49, v_loss=3.75, acc=0.0808]
train epoch 1:  43%|‚Ėą‚Ėą‚Ėą‚Ėą‚Ė\ufffd     | 178/418 [01:06<01:04,  3.75it/s, loss=11.3, f_loss=4.09, a_loss=3.49, v_loss=3.75, acc=0.0808]
train epoch 1:  43%|‚Ėą‚Ėą‚Ėą‚Ėą‚Ė\ufffd     | 178/418 [01:06<01:04,  3.75it/s, loss=11.3, f_loss=4.09, a_loss=3.49, v_loss=3.74, acc=0.0803]
train epoch 1:  43%|‚Ėą‚Ėą‚Ėą‚Ėą‚Ė\ufffd     | 179/418 [01:06<01:03,  3.79it/s, loss=11.3, f_loss=4.09, a_loss=3.49, v_loss=3.74, acc=0.0803]
train epoch 1:  43%|‚Ėą‚Ėą‚Ėą‚Ėą‚Ė\ufffd     | 179/418 [01:06<01:03,  3.79it/s, loss=11.3, f_loss=4.08, a_loss=3.48, v_loss=3.74, acc=0.0813]
train epoch 1:  43%|‚Ėą‚Ėą‚Ėą‚Ėą‚Ė\ufffd     | 180/418 [01:06<01:02,  3.82it/s, loss=11.3, f_loss=4.08, a_loss=3.48, v_loss=3.74, acc=0.0813]
train epoch 1:  43%|‚Ėą‚Ėą‚Ėą‚Ėą‚Ė\ufffd     | 180/418 [01:06<01:02,  3.82it/s, loss=11.3, f_loss=4.07, a_loss=3.48, v_loss=3.74, acc=0.0822]
train epoch 1:  43%|‚Ėą‚Ėą‚Ėą‚Ėą‚Ė\ufffd     | 181/418 [01:06<01:01,  3.84it/s, loss=11.3, f_loss=4.07, a_loss=3.48, v_loss=3.74, acc=0.0822]
train epoch 1:  43%|‚Ėą‚Ėą‚Ėą‚Ėą‚Ė\ufffd     | 181/418 [01:07<01:01,  3.84it/s, loss=11.3, f_loss=4.07, a_loss=3.48, v_loss=3.74, acc=0.0824]
train epoch 1:  44%|‚Ėą‚Ėą‚Ėą‚Ėą‚Ė\ufffd     | 182/418 [01:07<01:01,  3.86it/s, loss=11.3, f_loss=4.07, a_loss=3.48, v_loss=3.74, acc=0.0824]
train epoch 1:  44%|‚Ėą‚Ėą‚Ėą‚Ėą‚Ė\ufffd     | 182/418 [01:07<01:01,  3.86it/s, loss=11.3, f_loss=4.06, a_loss=3.48, v_loss=3.73, acc=0.0827]
train epoch 1:  44%|‚Ėą‚Ėą‚Ėą‚Ėą‚Ė\ufffd     | 183/418 [01:07<01:00,  3.87it/s, loss=11.3, f_loss=4.06, a_loss=3.48, v_loss=3.73, acc=0.0827]
train epoch 1:  44%|‚Ėą‚Ėą‚Ėą‚Ėą‚Ė\ufffd     | 183/418 [01:07<01:00,  3.87it/s, loss=11.3, f_loss=4.06, a_loss=3.48, v_loss=3.73, acc=0.0822]
train epoch 1:  44%|‚Ėą‚Ėą‚Ėą‚Ėą‚Ė\ufffd     | 184/418 [01:07<01:00,  3.85it/s, loss=11.3, f_loss=4.06, a_loss=3.48, v_loss=3.73, acc=0.0822]
train epoch 1:  44%|‚Ėą‚Ėą‚Ėą‚Ėą‚Ė\ufffd     | 184/418 [01:08<01:00,  3.85it/s, loss=11.3, f_loss=4.05, a_loss=3.47, v_loss=3.73, acc=0.0824]
train epoch 1:  44%|‚Ėą‚Ėą‚Ėą‚Ėą‚Ė\ufffd     | 185/418 [01:08<01:01,  3.80it/s, loss=11.3, f_loss=4.05, a_loss=3.47, v_loss=3.73, acc=0.0824]
train epoch 1:  44%|‚Ėą‚Ėą‚Ėą‚Ėą‚Ė\ufffd     | 185/418 [01:08<01:01,  3.80it/s, loss=11.2, f_loss=4.05, a_loss=3.47, v_loss=3.73, acc=0.082] 
train epoch 1:  44%|‚Ėą‚Ėą‚Ėą‚Ėą‚Ė\ufffd     | 186/418 [01:08<01:01,  3.78it/s, loss=11.2, f_loss=4.05, a_loss=3.47, v_loss=3.73, acc=0.082]
train epoch 1:  44%|‚Ėą‚Ėą‚Ėą‚Ėą‚Ė\ufffd     | 186/418 [01:08<01:01,  3.78it/s, loss=11.2, f_loss=4.04, a_loss=3.47, v_loss=3.72, acc=0.0829]
train epoch 1:  45%|‚Ėą‚Ėą‚Ėą‚Ėą‚Ė\ufffd     | 187/418 [01:08<01:00,  3.80it/s, loss=11.2, f_loss=4.04, a_loss=3.47, v_loss=3.72, acc=0.0829]
train epoch 1:  45%|‚Ėą‚Ėą‚Ėą‚Ėą‚Ė\ufffd     | 187/418 [01:08<01:00,  3.80it/s, loss=11.2, f_loss=4.03, a_loss=3.46, v_loss=3.72, acc=0.0824]
train epoch 1:  45%|‚Ėą‚Ėą‚Ėą‚Ėą‚Ė\ufffd     | 188/418 [01:08<01:00,  3.81it/s, loss=11.2, f_loss=4.03, a_loss=3.46, v_loss=3.72, acc=0.0824]
train epoch 1:  45%|‚Ėą‚Ėą‚Ėą‚Ėą‚Ė\ufffd     | 188/418 [01:09<01:00,  3.81it/s, loss=11.2, f_loss=4.03, a_loss=3.46, v_loss=3.72, acc=0.0833]
train epoch 1:  45%|‚Ėą‚Ėą‚Ėą‚Ėą‚Ė\ufffd     | 189/418 [01:09<01:00,  3.81it/s, loss=11.2, f_loss=4.03, a_loss=3.46, v_loss=3.72, acc=0.0833]
train epoch 1:  45%|‚Ėą‚Ėą‚Ėą‚Ėą‚Ė\ufffd     | 189/418 [01:09<01:00,  3.81it/s, loss=11.2, f_loss=4.02, a_loss=3.46, v_loss=3.72, acc=0.0836]
train epoch 1:  45%|‚Ėą‚Ėą‚Ėą‚Ėą‚Ė\ufffd     | 190/418 [01:09<00:59,  3.83it/s, loss=11.2, f_loss=4.02, a_loss=3.46, v_loss=3.72, acc=0.0836]
train epoch 1:  45%|‚Ėą‚Ėą‚Ėą‚Ėą‚Ė\ufffd     | 190/418 [01:09<00:59,  3.83it/s, loss=11.2, f_loss=4.02, a_loss=3.46, v_loss=3.71, acc=0.0844]
train epoch 1:  46%|‚Ėą‚Ėą‚Ėą‚Ėą‚Ė\ufffd     | 191/418 [01:09<00:59,  3.84it/s, loss=11.2, f_loss=4.02, a_loss=3.46, v_loss=3.71, acc=0.0844]
train epoch 1:  46%|‚Ėą‚Ėą‚Ėą‚Ėą‚Ė\ufffd     | 191/418 [01:09<00:59,  3.84it/s, loss=11.2, f_loss=4.01, a_loss=3.45, v_loss=3.71, acc=0.084] 
train epoch 1:  46%|‚Ėą‚Ėą‚Ėą‚Ėą‚Ė\ufffd     | 192/418 [01:09<00:58,  3.86it/s, loss=11.2, f_loss=4.01, a_loss=3.45, v_loss=3.71, acc=0.084]
train epoch 1:  46%|‚Ėą‚Ėą‚Ėą‚Ėą‚Ė\ufffd     | 192/418 [01:10<00:58,  3.86it/s, loss=11.2, f_loss=4.01, a_loss=3.45, v_loss=3.71, acc=0.0835]
train epoch 1:  46%|‚Ėą‚Ėą‚Ėą‚Ėą‚Ė\ufffd     | 193/418 [01:10<00:58,  3.86it/s, loss=11.2, f_loss=4.01, a_loss=3.45, v_loss=3.71, acc=0.0835]
train epoch 1:  46%|‚Ėą‚Ėą‚Ėą‚Ėą‚Ė\ufffd     | 193/418 [01:10<00:58,  3.86it/s, loss=11.2, f_loss=4, a_loss=3.45, v_loss=3.71, acc=0.0831]   
train epoch 1:  46%|‚Ėą‚Ėą‚Ėą‚Ėą‚Ė\ufffd     | 194/418 [01:10<00:59,  3.74it/s, loss=11.2, f_loss=4, a_loss=3.45, v_loss=3.71, acc=0.0831]
train epoch 1:  46%|‚Ėą‚Ėą‚Ėą‚Ėą‚Ė\ufffd     | 194/418 [01:10<00:59,  3.74it/s, loss=11.2, f_loss=4, a_loss=3.45, v_loss=3.71, acc=0.0827]
train epoch 1:  47%|‚Ėą‚Ėą‚Ėą‚Ėą‚Ė\ufffd     | 195/418 [01:10<01:00,  3.70it/s, loss=11.2, f_loss=4, a_loss=3.45, v_loss=3.71, acc=0.0827]
train epoch 1:  47%|‚Ėą‚Ėą‚Ėą‚Ėą‚Ė\ufffd     | 195/418 [01:10<01:00,  3.70it/s, loss=11.1, f_loss=3.99, a_loss=3.44, v_loss=3.7, acc=0.0835]
train epoch 1:  47%|‚Ėą‚Ėą‚Ėą‚Ėą‚Ė\ufffd     | 196/418 [01:10<00:59,  3.70it/s, loss=11.1, f_loss=3.99, a_loss=3.44, v_loss=3.7, acc=0.0835]
train epoch 1:  47%|‚Ėą‚Ėą‚Ėą‚Ėą‚Ė\ufffd     | 196/418 [01:11<00:59,  3.70it/s, loss=11.1, f_loss=3.98, a_loss=3.44, v_loss=3.7, acc=0.0863]
train epoch 1:  47%|‚Ėą‚Ėą‚Ėą‚Ėą‚Ė\ufffd     | 197/418 [01:11<00:59,  3.71it/s, loss=11.1, f_loss=3.98, a_loss=3.44, v_loss=3.7, acc=0.0863]
train epoch 1:  47%|‚Ėą‚Ėą‚Ėą‚Ėą‚Ė\ufffd     | 197/418 [01:11<00:59,  3.71it/s, loss=11.1, f_loss=3.97, a_loss=3.43, v_loss=3.7, acc=0.0884]
train epoch 1:  47%|‚Ėą‚Ėą‚Ėą‚Ėą‚Ė\ufffd     | 198/418 [01:11<00:58,  3.74it/s, loss=11.1, f_loss=3.97, a_loss=3.43, v_loss=3.7, acc=0.0884]
train epoch 1:  47%|‚Ėą‚Ėą‚Ėą‚Ėą‚Ė\ufffd     | 198/418 [01:11<00:58,  3.74it/s, loss=11.1, f_loss=3.97, a_loss=3.43, v_loss=3.7, acc=0.0886]
train epoch 1:  48%|‚Ėą‚Ėą‚Ėą‚Ėą‚Ė\ufffd     | 199/418 [01:11<01:00,  3.62it/s, loss=11.1, f_loss=3.97, a_loss=3.43, v_loss=3.7, acc=0.0886]
train epoch 1:  48%|‚Ėą‚Ėą‚Ėą‚Ėą‚Ė\ufffd     | 199/418 [01:12<01:00,  3.62it/s, loss=11.1, f_loss=3.96, a_loss=3.43, v_loss=3.69, acc=0.0887]
train epoch 1:  48%|‚Ėą‚Ėą‚Ėą‚Ėą‚Ė\ufffd     | 200/418 [01:12<00:59,  3.64it/s, loss=11.1, f_loss=3.96, a_loss=3.43, v_loss=3.69, acc=0.0887]
train epoch 1:  48%|‚Ėą‚Ėą‚Ėą‚Ėą‚Ė\ufffd     | 200/418 [01:12<00:59,  3.64it/s, loss=11.1, f_loss=3.95, a_loss=3.42, v_loss=3.69, acc=0.0896]
train epoch 1:  48%|‚Ėą‚Ėą‚Ėą‚Ėą‚Ė\ufffd     | 201/418 [01:12<00:58,  3.70it/s, loss=11.1, f_loss=3.95, a_loss=3.42, v_loss=3.69, acc=0.0896]
train epoch 1:  48%|‚Ėą‚Ėą‚Ėą‚Ėą‚Ė\ufffd     | 201/418 [01:12<00:58,  3.70it/s, loss=11.1, f_loss=3.95, a_loss=3.42, v_loss=3.69, acc=0.0897]
train epoch 1:  48%|‚Ėą‚Ėą‚Ėą‚Ėą‚Ė\ufffd     | 202/418 [01:12<00:57,  3.73it/s, loss=11.1, f_loss=3.95, a_loss=3.42, v_loss=3.69, acc=0.0897]
train epoch 1:  48%|‚Ėą‚Ėą‚Ėą‚Ėą‚Ė\ufffd     | 202/418 [01:12<00:57,  3.73it/s, loss=11.1, f_loss=3.95, a_loss=3.42, v_loss=3.69, acc=0.0899]
train epoch 1:  49%|‚Ėą‚Ėą‚Ėą‚Ėą‚Ė\ufffd     | 203/418 [01:12<00:57,  3.74it/s, loss=11.1, f_loss=3.95, a_loss=3.42, v_loss=3.69, acc=0.0899]
train epoch 1:  49%|‚Ėą‚Ėą‚Ėą‚Ėą‚Ė\ufffd     | 203/418 [01:13<00:57,  3.74it/s, loss=11, f_loss=3.94, a_loss=3.42, v_loss=3.69, acc=0.0901]  
train epoch 1:  49%|‚Ėą‚Ėą‚Ėą‚Ėą‚Ė\ufffd     | 204/418 [01:13<00:56,  3.77it/s, loss=11, f_loss=3.94, a_loss=3.42, v_loss=3.69, acc=0.0901]
train epoch 1:  49%|‚Ėą‚Ėą‚Ėą‚Ėą‚Ė\ufffd     | 204/418 [01:13<00:56,  3.77it/s, loss=11, f_loss=3.94, a_loss=3.42, v_loss=3.68, acc=0.0909]
train epoch 1:  49%|‚Ėą‚Ėą‚Ėą‚Ėą‚Ė\ufffd     | 205/418 [01:13<00:56,  3.74it/s, loss=11, f_loss=3.94, a_loss=3.42, v_loss=3.68, acc=0.0909]
train epoch 1:  49%|‚Ėą‚Ėą‚Ėą‚Ėą‚Ė\ufffd     | 205/418 [01:13<00:56,  3.74it/s, loss=11, f_loss=3.93, a_loss=3.41, v_loss=3.68, acc=0.0922]
train epoch 1:  49%|‚Ėą‚Ėą‚Ėą‚Ėą‚Ė\ufffd     | 206/418 [01:13<00:56,  3.75it/s, loss=11, f_loss=3.93, a_loss=3.41, v_loss=3.68, acc=0.0922]
train epoch 1:  49%|‚Ėą‚Ėą‚Ėą‚Ėą‚Ė\ufffd     | 206/418 [01:13<00:56,  3.75it/s, loss=11, f_loss=3.93, a_loss=3.41, v_loss=3.68, acc=0.0924]
train epoch 1:  50%|‚Ėą‚Ėą‚Ėą‚Ėą‚Ė\ufffd     | 207/418 [01:13<00:57,  3.67it/s, loss=11, f_loss=3.93, a_loss=3.41, v_loss=3.68, acc=0.0924]
train epoch 1:  50%|‚Ėą‚Ėą‚Ėą‚Ėą‚Ė\ufffd     | 207/418 [01:14<00:57,  3.67it/s, loss=11, f_loss=3.92, a_loss=3.41, v_loss=3.68, acc=0.0925]
train epoch 1:  50%|‚Ėą‚Ėą‚Ėą‚Ėą‚Ė\ufffd     | 208/418 [01:14<00:56,  3.72it/s, loss=11, f_loss=3.92, a_loss=3.41, v_loss=3.68, acc=0.0925]
train epoch 1:  50%|‚Ėą‚Ėą‚Ėą‚Ėą‚Ė\ufffd     | 208/418 [01:14<00:56,  3.72it/s, loss=11, f_loss=3.92, a_loss=3.41, v_loss=3.68, acc=0.0921]
train epoch 1:  50%|‚Ėą‚Ėą‚Ėą‚Ėą‚Ė\ufffd     | 209/418 [01:14<00:55,  3.74it/s, loss=11, f_loss=3.92, a_loss=3.41, v_loss=3.68, acc=0.0921]
train epoch 1:  50%|‚Ėą‚Ėą‚Ėą‚Ėą‚Ė\ufffd     | 209/418 [01:14<00:55,  3.74it/s, loss=11, f_loss=3.92, a_loss=3.41, v_loss=3.67, acc=0.0923]
train epoch 1:  50%|‚Ėą‚Ėą‚Ėą‚Ėą‚Ė\ufffd     | 210/418 [01:14<00:54,  3.78it/s, loss=11, f_loss=3.92, a_loss=3.41, v_loss=3.67, acc=0.0923]
train epoch 1:  50%|‚Ėą‚Ėą‚Ėą‚Ėą‚Ė\ufffd     | 210/418 [01:14<00:54,  3.78it/s, loss=11, f_loss=3.91, a_loss=3.4, v_loss=3.67, acc=0.093]  
train epoch 1:  50%|‚Ėą‚Ėą‚Ėą‚Ėą‚Ė\ufffd     | 211/418 [01:14<00:55,  3.74it/s, loss=11, f_loss=3.91, a_loss=3.4, v_loss=3.67, acc=0.093]
train epoch 1:  50%|‚Ėą‚Ėą‚Ėą‚Ėą‚Ė\ufffd     | 211/418 [01:15<00:55,  3.74it/s, loss=11, f_loss=3.91, a_loss=3.4, v_loss=3.67, acc=0.0938]
train epoch 1:  51%|‚Ėą‚Ėą‚Ėą‚Ėą‚Ė\ufffd     | 212/418 [01:15<00:55,  3.69it/s, loss=11, f_loss=3.91, a_loss=3.4, v_loss=3.67, acc=0.0938]
train epoch 1:  51%|‚Ėą‚Ėą‚Ėą‚Ėą‚Ė\ufffd     | 212/418 [01:15<00:55,  3.69it/s, loss=11, f_loss=3.91, a_loss=3.4, v_loss=3.67, acc=0.0933]
train epoch 1:  51%|‚Ėą‚Ėą‚Ėą‚Ėą‚Ė\ufffd     | 213/418 [01:15<00:55,  3.71it/s, loss=11, f_loss=3.91, a_loss=3.4, v_loss=3.67, acc=0.0933]
train epoch 1:  51%|‚Ėą‚Ėą‚Ėą‚Ėą‚Ė\ufffd     | 213/418 [01:15<00:55,  3.71it/s, loss=11, f_loss=3.9, a_loss=3.4, v_loss=3.67, acc=0.094]  
train epoch 1:  51%|‚Ėą‚Ėą‚Ėą‚Ėą‚Ė\ufffd     | 214/418 [01:15<00:54,  3.74it/s, loss=11, f_loss=3.9, a_loss=3.4, v_loss=3.67, acc=0.094]
train epoch 1:  51%|‚Ėą‚Ėą‚Ėą‚Ėą‚Ė\ufffd     | 214/418 [01:16<00:54,  3.74it/s, loss=11, f_loss=3.9, a_loss=3.4, v_loss=3.67, acc=0.0936]
train epoch 1:  51%|‚Ėą‚Ėą‚Ėą‚Ėą‚Ėą‚ĖŹ    | 215/418 [01:16<00:53,  3.77it/s, loss=11, f_loss=3.9, a_loss=3.4, v_loss=3.67, acc=0.0936]
train epoch 1:  51%|‚Ėą‚Ėą‚Ėą‚Ėą‚Ėą‚ĖŹ    | 215/418 [01:16<00:53,  3.77it/s, loss=11, f_loss=3.89, a_loss=3.4, v_loss=3.66, acc=0.0938]
train epoch 1:  52%|‚Ėą‚Ėą‚Ėą‚Ėą‚Ėą‚ĖŹ    | 216/418 [01:16<00:53,  3.80it/s, loss=11, f_loss=3.89, a_loss=3.4, v_loss=3.66, acc=0.0938]
train epoch 1:  52%|‚Ėą‚Ėą‚Ėą‚Ėą‚Ėą‚ĖŹ    | 216/418 [01:16<00:53,  3.80it/s, loss=11, f_loss=3.89, a_loss=3.4, v_loss=3.66, acc=0.0933]
train epoch 1:  52%|‚Ėą‚Ėą‚Ėą‚Ėą‚Ėą‚ĖŹ    | 217/418 [01:16<00:52,  3.79it/s, loss=11, f_loss=3.89, a_loss=3.4, v_loss=3.66, acc=0.0933]
train epoch 1:  52%|‚Ėą‚Ėą‚Ėą‚Ėą‚Ėą‚ĖŹ    | 217/418 [01:16<00:52,  3.79it/s, loss=10.9, f_loss=3.89, a_loss=3.4, v_loss=3.66, acc=0.0929]
train epoch 1:  52%|‚Ėą‚Ėą‚Ėą‚Ėą‚Ėą‚ĖŹ    | 218/418 [01:16<00:52,  3.81it/s, loss=10.9, f_loss=3.89, a_loss=3.4, v_loss=3.66, acc=0.0929]
train epoch 1:  52%|‚Ėą‚Ėą‚Ėą‚Ėą‚Ėą‚ĖŹ    | 218/418 [01:17<00:52,  3.81it/s, loss=10.9, f_loss=3.88, a_loss=3.39, v_loss=3.66, acc=0.093]
train epoch 1:  52%|‚Ėą‚Ėą‚Ėą‚Ėą‚Ėą‚ĖŹ    | 219/418 [01:17<00:52,  3.82it/s, loss=10.9, f_loss=3.88, a_loss=3.39, v_loss=3.66, acc=0.093]
train epoch 1:  52%|‚Ėą‚Ėą‚Ėą‚Ėą‚Ėą‚ĖŹ    | 219/418 [01:17<00:52,  3.82it/s, loss=10.9, f_loss=3.88, a_loss=3.39, v_loss=3.66, acc=0.0932]
train epoch 1:  53%|‚Ėą‚Ėą‚Ėą‚Ėą‚Ėą‚Ėé    | 220/418 [01:17<00:51,  3.81it/s, loss=10.9, f_loss=3.88, a_loss=3.39, v_loss=3.66, acc=0.0932]
train epoch 1:  53%|‚Ėą‚Ėą‚Ėą‚Ėą‚Ėą‚Ėé    | 220/418 [01:17<00:51,  3.81it/s, loss=10.9, f_loss=3.87, a_loss=3.39, v_loss=3.66, acc=0.0928]
train epoch 1:  53%|‚Ėą‚Ėą‚Ėą‚Ėą‚Ėą‚Ėé    | 221/418 [01:17<00:51,  3.83it/s, loss=10.9, f_loss=3.87, a_loss=3.39, v_loss=3.66, acc=0.0928]
train epoch 1:  53%|‚Ėą‚Ėą‚Ėą‚Ėą‚Ėą‚Ėé    | 221/418 [01:17<00:51,  3.83it/s, loss=10.9, f_loss=3.87, a_loss=3.39, v_loss=3.65, acc=0.094] 
train epoch 1:  53%|‚Ėą‚Ėą‚Ėą‚Ėą‚Ėą‚Ėé    | 222/418 [01:17<00:51,  3.84it/s, loss=10.9, f_loss=3.87, a_loss=3.39, v_loss=3.65, acc=0.094]
train epoch 1:  53%|‚Ėą‚Ėą‚Ėą‚Ėą‚Ėą‚Ėé    | 222/418 [01:18<00:51,  3.84it/s, loss=10.9, f_loss=3.87, a_loss=3.39, v_loss=3.65, acc=0.0936]
train epoch 1:  53%|‚Ėą‚Ėą‚Ėą‚Ėą‚Ėą‚Ėé    | 223/418 [01:18<00:51,  3.82it/s, loss=10.9, f_loss=3.87, a_loss=3.39, v_loss=3.65, acc=0.0936]
train epoch 1:  53%|‚Ėą‚Ėą‚Ėą‚Ėą‚Ėą‚Ėé    | 223/418 [01:18<00:51,  3.82it/s, loss=10.9, f_loss=3.86, a_loss=3.39, v_loss=3.65, acc=0.0932]
train epoch 1:  54%|‚Ėą‚Ėą‚Ėą‚Ėą‚Ėą‚Ėé    | 224/418 [01:18<00:50,  3.84it/s, loss=10.9, f_loss=3.86, a_loss=3.39, v_loss=3.65, acc=0.0932]
train epoch 1:  54%|‚Ėą‚Ėą‚Ėą‚Ėą‚Ėą‚Ėé    | 224/418 [01:18<00:50,  3.84it/s, loss=10.9, f_loss=3.86, a_loss=3.39, v_loss=3.65, acc=0.0928]
train epoch 1:  54%|‚Ėą‚Ėą‚Ėą‚Ėą‚Ėą‚Ėć    | 225/418 [01:18<00:50,  3.84it/s, loss=10.9, f_loss=3.86, a_loss=3.39, v_loss=3.65, acc=0.0928]
train epoch 1:  54%|‚Ėą‚Ėą‚Ėą‚Ėą‚Ėą‚Ėć    | 225/418 [01:18<00:50,  3.84it/s, loss=10.9, f_loss=3.86, a_loss=3.39, v_loss=3.65, acc=0.0924]
train epoch 1:  54%|‚Ėą‚Ėą‚Ėą‚Ėą‚Ėą‚Ėć    | 226/418 [01:18<00:49,  3.86it/s, loss=10.9, f_loss=3.86, a_loss=3.39, v_loss=3.65, acc=0.0924]
train epoch 1:  54%|‚Ėą‚Ėą‚Ėą‚Ėą‚Ėą‚Ėć    | 226/418 [01:19<00:49,  3.86it/s, loss=10.9, f_loss=3.86, a_loss=3.38, v_loss=3.65, acc=0.092] 
train epoch 1:  54%|‚Ėą‚Ėą‚Ėą‚Ėą‚Ėą‚Ėć    | 227/418 [01:19<00:49,  3.85it/s, loss=10.9, f_loss=3.86, a_loss=3.38, v_loss=3.65, acc=0.092]
train epoch 1:  54%|‚Ėą‚Ėą‚Ėą‚Ėą‚Ėą‚Ėć    | 227/418 [01:19<00:49,  3.85it/s, loss=10.9, f_loss=3.85, a_loss=3.38, v_loss=3.64, acc=0.0916]
train epoch 1:  55%|‚Ėą‚Ėą‚Ėą‚Ėą‚Ėą‚Ėć    | 228/418 [01:19<00:49,  3.82it/s, loss=10.9, f_loss=3.85, a_loss=3.38, v_loss=3.64, acc=0.0916]
train epoch 1:  55%|‚Ėą‚Ėą‚Ėą‚Ėą‚Ėą‚Ėć    | 228/418 [01:19<00:49,  3.82it/s, loss=10.9, f_loss=3.85, a_loss=3.38, v_loss=3.64, acc=0.0922]
train epoch 1:  55%|‚Ėą‚Ėą‚Ėą‚Ėą‚Ėą‚Ėć    | 229/418 [01:19<00:50,  3.76it/s, loss=10.9, f_loss=3.85, a_loss=3.38, v_loss=3.64, acc=0.0922]
train epoch 1:  55%|‚Ėą‚Ėą‚Ėą‚Ėą‚Ėą‚Ėć    | 229/418 [01:19<00:50,  3.76it/s, loss=10.9, f_loss=3.85, a_loss=3.38, v_loss=3.64, acc=0.0918]
train epoch 1:  55%|‚Ėą‚Ėą‚Ėą‚Ėą‚Ėą‚ĖĆ    | 230/418 [01:19<00:50,  3.73it/s, loss=10.9, f_loss=3.85, a_loss=3.38, v_loss=3.64, acc=0.0918]
train epoch 1:  55%|‚Ėą‚Ėą‚Ėą‚Ėą‚Ėą‚ĖĆ    | 230/418 [01:20<00:50,  3.73it/s, loss=10.9, f_loss=3.84, a_loss=3.38, v_loss=3.64, acc=0.092] 
train epoch 1:  55%|‚Ėą‚Ėą‚Ėą‚Ėą‚Ėą‚ĖĆ    | 231/418 [01:20<00:51,  3.66it/s, loss=10.9, f_loss=3.84, a_loss=3.38, v_loss=3.64, acc=0.092]
train epoch 1:  55%|‚Ėą‚Ėą‚Ėą‚Ėą‚Ėą‚ĖĆ    | 231/418 [01:20<00:51,  3.66it/s, loss=10.8, f_loss=3.84, a_loss=3.38, v_loss=3.64, acc=0.0927]
train epoch 1:  56%|‚Ėą‚Ėą‚Ėą‚Ėą‚Ėą‚ĖĆ    | 232/418 [01:20<00:51,  3.59it/s, loss=10.8, f_loss=3.84, a_loss=3.38, v_loss=3.64, acc=0.0927]
train epoch 1:  56%|‚Ėą‚Ėą‚Ėą‚Ėą‚Ėą‚ĖĆ    | 232/418 [01:20<00:51,  3.59it/s, loss=10.8, f_loss=3.84, a_loss=3.38, v_loss=3.64, acc=0.0923]
train epoch 1:  56%|‚Ėą‚Ėą‚Ėą‚Ėą‚Ėą‚ĖĆ    | 233/418 [01:20<00:50,  3.65it/s, loss=10.8, f_loss=3.84, a_loss=3.38, v_loss=3.64, acc=0.0923]
train epoch 1:  56%|‚Ėą‚Ėą‚Ėą‚Ėą‚Ėą‚ĖĆ    | 233/418 [01:21<00:50,  3.65it/s, loss=10.8, f_loss=3.83, a_loss=3.37, v_loss=3.64, acc=0.0919]
train epoch 1:  56%|‚Ėą‚Ėą‚Ėą‚Ėą‚Ėą‚ĖĆ    | 234/418 [01:21<00:49,  3.71it/s, loss=10.8, f_loss=3.83, a_loss=3.37, v_loss=3.64, acc=0.0919]
train epoch 1:  56%|‚Ėą‚Ėą‚Ėą‚Ėą‚Ėą‚ĖĆ    | 234/418 [01:21<00:49,  3.71it/s, loss=10.8, f_loss=3.83, a_loss=3.37, v_loss=3.63, acc=0.0915]
train epoch 1:  56%|‚Ėą‚Ėą‚Ėą‚Ėą‚Ėą‚ĖĆ    | 235/418 [01:21<00:48,  3.76it/s, loss=10.8, f_loss=3.83, a_loss=3.37, v_loss=3.63, acc=0.0915]
train epoch 1:  56%|‚Ėą‚Ėą‚Ėą‚Ėą‚Ėą‚ĖĆ    | 235/418 [01:21<00:48,  3.76it/s, loss=10.8, f_loss=3.83, a_loss=3.37, v_loss=3.63, acc=0.0911]
train epoch 1:  56%|‚Ėą‚Ėą‚Ėą‚Ėą‚Ėą‚Ėč    | 236/418 [01:21<00:48,  3.78it/s, loss=10.8, f_loss=3.83, a_loss=3.37, v_loss=3.63, acc=0.0911]
train epoch 1:  56%|‚Ėą‚Ėą‚Ėą‚Ėą‚Ėą‚Ėč    | 236/418 [01:21<00:48,  3.78it/s, loss=10.8, f_loss=3.82, a_loss=3.37, v_loss=3.63, acc=0.0907]
train epoch 1:  57%|‚Ėą‚Ėą‚Ėą‚Ėą‚Ėą‚Ėč    | 237/418 [01:21<00:47,  3.83it/s, loss=10.8, f_loss=3.82, a_loss=3.37, v_loss=3.63, acc=0.0907]
train epoch 1:  57%|‚Ėą‚Ėą‚Ėą‚Ėą‚Ėą‚Ėč    | 237/418 [01:22<00:47,  3.83it/s, loss=10.8, f_loss=3.82, a_loss=3.37, v_loss=3.63, acc=0.0909]
train epoch 1:  57%|‚Ėą‚Ėą‚Ėą‚Ėą‚Ėą‚Ėč    | 238/418 [01:22<00:46,  3.86it/s, loss=10.8, f_loss=3.82, a_loss=3.37, v_loss=3.63, acc=0.0909]
train epoch 1:  57%|‚Ėą‚Ėą‚Ėą‚Ėą‚Ėą‚Ėč    | 238/418 [01:22<00:46,  3.86it/s, loss=10.8, f_loss=3.82, a_loss=3.37, v_loss=3.63, acc=0.0905]
train epoch 1:  57%|‚Ėą‚Ėą‚Ėą‚Ėą‚Ėą‚Ėč    | 239/418 [01:22<00:46,  3.84it/s, loss=10.8, f_loss=3.82, a_loss=3.37, v_loss=3.63, acc=0.0905]
train epoch 1:  57%|‚Ėą‚Ėą‚Ėą‚Ėą‚Ėą‚Ėč    | 239/418 [01:22<00:46,  3.84it/s, loss=10.8, f_loss=3.81, a_loss=3.36, v_loss=3.63, acc=0.0901]
train epoch 1:  57%|‚Ėą‚Ėą‚Ėą‚Ėą‚Ėą‚Ėč    | 240/418 [01:22<00:46,  3.79it/s, loss=10.8, f_loss=3.81, a_loss=3.36, v_loss=3.63, acc=0.0901]
train epoch 1:  57%|‚Ėą‚Ėą‚Ėą‚Ėą‚Ėą‚Ėč    | 240/418 [01:22<00:46,  3.79it/s, loss=10.8, f_loss=3.81, a_loss=3.37, v_loss=3.63, acc=0.0897]
train epoch 1:  58%|‚Ėą‚Ėą‚Ėą‚Ėą‚Ėą‚Ėä    | 241/418 [01:22<00:47,  3.69it/s, loss=10.8, f_loss=3.81, a_loss=3.37, v_loss=3.63, acc=0.0897]
train epoch 1:  58%|‚Ėą‚Ėą‚Ėą‚Ėą‚Ėą‚Ėä    | 241/418 [01:23<00:47,  3.69it/s, loss=10.8, f_loss=3.81, a_loss=3.36, v_loss=3.62, acc=0.0899]
train epoch 1:  58%|‚Ėą‚Ėą‚Ėą‚Ėą‚Ėą‚Ėä    | 242/418 [01:23<00:48,  3.61it/s, loss=10.8, f_loss=3.81, a_loss=3.36, v_loss=3.62, acc=0.0899]
train epoch 1:  58%|‚Ėą‚Ėą‚Ėą‚Ėą‚Ėą‚Ėä    | 242/418 [01:23<00:48,  3.61it/s, loss=10.8, f_loss=3.8, a_loss=3.36, v_loss=3.62, acc=0.0905] 
train epoch 1:  58%|‚Ėą‚Ėą‚Ėą‚Ėą‚Ėą‚Ėä    | 243/418 [01:23<00:47,  3.67it/s, loss=10.8, f_loss=3.8, a_loss=3.36, v_loss=3.62, acc=0.0905]
train epoch 1:  58%|‚Ėą‚Ėą‚Ėą‚Ėą‚Ėą‚Ėä    | 243/418 [01:23<00:47,  3.67it/s, loss=10.8, f_loss=3.8, a_loss=3.36, v_loss=3.62, acc=0.0907]
train epoch 1:  58%|‚Ėą‚Ėą‚Ėą‚Ėą‚Ėą‚Ėä    | 244/418 [01:23<00:46,  3.73it/s, loss=10.8, f_loss=3.8, a_loss=3.36, v_loss=3.62, acc=0.0907]
train epoch 1:  58%|‚Ėą‚Ėą‚Ėą‚Ėą‚Ėą‚Ėä    | 244/418 [01:23<00:46,  3.73it/s, loss=10.8, f_loss=3.8, a_loss=3.36, v_loss=3.62, acc=0.0913]
train epoch 1:  59%|‚Ėą‚Ėą‚Ėą‚Ėą‚Ėą‚Ėä    | 245/418 [01:23<00:47,  3.68it/s, loss=10.8, f_loss=3.8, a_loss=3.36, v_loss=3.62, acc=0.0913]
train epoch 1:  59%|‚Ėą‚Ėą‚Ėą‚Ėą‚Ėą‚Ėä    | 245/418 [01:24<00:47,  3.68it/s, loss=10.8, f_loss=3.8, a_loss=3.36, v_loss=3.62, acc=0.092] 
train epoch 1:  59%|‚Ėą‚Ėą‚Ėą‚Ėą‚Ėą‚ĖČ    | 246/418 [01:24<00:47,  3.66it/s, loss=10.8, f_loss=3.8, a_loss=3.36, v_loss=3.62, acc=0.092]
train epoch 1:  59%|‚Ėą‚Ėą‚Ėą‚Ėą‚Ėą‚ĖČ    | 246/418 [01:24<00:47,  3.66it/s, loss=10.8, f_loss=3.79, a_loss=3.36, v_loss=3.62, acc=0.0926]
train epoch 1:  59%|‚Ėą‚Ėą‚Ėą‚Ėą‚Ėą‚ĖČ    | 247/418 [01:24<00:47,  3.63it/s, loss=10.8, f_loss=3.79, a_loss=3.36, v_loss=3.62, acc=0.0926]
train epoch 1:  59%|‚Ėą‚Ėą‚Ėą‚Ėą‚Ėą‚ĖČ    | 247/418 [01:24<00:47,  3.63it/s, loss=10.8, f_loss=3.79, a_loss=3.36, v_loss=3.62, acc=0.0927]
train epoch 1:  59%|‚Ėą‚Ėą‚Ėą‚Ėą‚Ėą‚ĖČ    | 248/418 [01:24<00:48,  3.53it/s, loss=10.8, f_loss=3.79, a_loss=3.36, v_loss=3.62, acc=0.0927]
train epoch 1:  59%|‚Ėą‚Ėą‚Ėą‚Ėą‚Ėą‚ĖČ    | 248/418 [01:25<00:48,  3.53it/s, loss=10.8, f_loss=3.79, a_loss=3.36, v_loss=3.61, acc=0.0934]
train epoch 1:  60%|‚Ėą‚Ėą‚Ėą‚Ėą‚Ėą‚ĖČ    | 249/418 [01:25<00:49,  3.41it/s, loss=10.8, f_loss=3.79, a_loss=3.36, v_loss=3.61, acc=0.0934]
train epoch 1:  60%|‚Ėą‚Ėą‚Ėą‚Ėą‚Ėą‚ĖČ    | 249/418 [01:25<00:49,  3.41it/s, loss=10.8, f_loss=3.79, a_loss=3.36, v_loss=3.61, acc=0.093] 
train epoch 1:  60%|‚Ėą‚Ėą‚Ėą‚Ėą‚Ėą‚ĖČ    | 250/418 [01:25<00:51,  3.28it/s, loss=10.8, f_loss=3.79, a_loss=3.36, v_loss=3.61, acc=0.093]
train epoch 1:  60%|‚Ėą‚Ėą‚Ėą‚Ėą‚Ėą‚ĖČ    | 250/418 [01:25<00:51,  3.28it/s, loss=10.8, f_loss=3.78, a_loss=3.36, v_loss=3.61, acc=0.0926]
train epoch 1:  60%|‚Ėą‚Ėą‚Ėą‚Ėą‚Ėą‚Ėą    | 251/418 [01:25<00:50,  3.28it/s, loss=10.8, f_loss=3.78, a_loss=3.36, v_loss=3.61, acc=0.0926]
train epoch 1:  60%|‚Ėą‚Ėą‚Ėą‚Ėą‚Ėą‚Ėą    | 251/418 [01:26<00:50,  3.28it/s, loss=10.7, f_loss=3.78, a_loss=3.36, v_loss=3.61, acc=0.0928]
train epoch 1:  60%|‚Ėą‚Ėą‚Ėą‚Ėą‚Ėą‚Ėą    | 252/418 [01:26<00:49,  3.36it/s, loss=10.7, f_loss=3.78, a_loss=3.36, v_loss=3.61, acc=0.0928]
train epoch 1:  60%|‚Ėą‚Ėą‚Ėą‚Ėą‚Ėą‚Ėą    | 252/418 [01:26<00:49,  3.36it/s, loss=10.7, f_loss=3.78, a_loss=3.35, v_loss=3.61, acc=0.0924]
train epoch 1:  61%|‚Ėą‚Ėą‚Ėą‚Ėą‚Ėą‚Ėą    | 253/418 [01:26<00:47,  3.49it/s, loss=10.7, f_loss=3.78, a_loss=3.35, v_loss=3.61, acc=0.0924]
train epoch 1:  61%|‚Ėą‚Ėą‚Ėą‚Ėą‚Ėą‚Ėą    | 253/418 [01:26<00:47,  3.49it/s, loss=10.7, f_loss=3.78, a_loss=3.35, v_loss=3.61, acc=0.093] 
train epoch 1:  61%|‚Ėą‚Ėą‚Ėą‚Ėą‚Ėą‚Ėą    | 254/418 [01:26<00:45,  3.58it/s, loss=10.7, f_loss=3.78, a_loss=3.35, v_loss=3.61, acc=0.093]
train epoch 1:  61%|‚Ėą‚Ėą‚Ėą‚Ėą‚Ėą‚Ėą    | 254/418 [01:26<00:45,  3.58it/s, loss=10.7, f_loss=3.77, a_loss=3.35, v_loss=3.61, acc=0.0936]
train epoch 1:  61%|‚Ėą‚Ėą‚Ėą‚Ėą‚Ėą‚Ėą    | 255/418 [01:26<00:44,  3.63it/s, loss=10.7, f_loss=3.77, a_loss=3.35, v_loss=3.61, acc=0.0936]
train epoch 1:  61%|‚Ėą‚Ėą‚Ėą‚Ėą‚Ėą‚Ėą    | 255/418 [01:27<00:44,  3.63it/s, loss=10.7, f_loss=3.77, a_loss=3.35, v_loss=3.61, acc=0.0933]
train epoch 1:  61%|‚Ėą‚Ėą‚Ėą‚Ėą‚Ėą‚Ėą    | 256/418 [01:27<00:44,  3.67it/s, loss=10.7, f_loss=3.77, a_loss=3.35, v_loss=3.61, acc=0.0933]
train epoch 1:  61%|‚Ėą‚Ėą‚Ėą‚Ėą‚Ėą‚Ėą    | 256/418 [01:27<00:44,  3.67it/s, loss=10.7, f_loss=3.77, a_loss=3.35, v_loss=3.6, acc=0.0929] 
train epoch 1:  61%|‚Ėą‚Ėą‚Ėą‚Ėą‚Ėą‚Ėą‚Ė\ufffd   | 257/418 [01:27<00:44,  3.61it/s, loss=10.7, f_loss=3.77, a_loss=3.35, v_loss=3.6, acc=0.0929]
train epoch 1:  61%|‚Ėą‚Ėą‚Ėą‚Ėą‚Ėą‚Ėą‚Ė\ufffd   | 257/418 [01:27<00:44,  3.61it/s, loss=10.7, f_loss=3.76, a_loss=3.35, v_loss=3.6, acc=0.0925]
train epoch 1:  62%|‚Ėą‚Ėą‚Ėą‚Ėą‚Ėą‚Ėą‚Ė\ufffd   | 258/418 [01:27<00:44,  3.58it/s, loss=10.7, f_loss=3.76, a_loss=3.35, v_loss=3.6, acc=0.0925]
train epoch 1:  62%|‚Ėą‚Ėą‚Ėą‚Ėą‚Ėą‚Ėą‚Ė\ufffd   | 258/418 [01:27<00:44,  3.58it/s, loss=10.7, f_loss=3.76, a_loss=3.35, v_loss=3.6, acc=0.0922]
train epoch 1:  62%|‚Ėą‚Ėą‚Ėą‚Ėą‚Ėą‚Ėą‚Ė\ufffd   | 259/418 [01:27<00:43,  3.64it/s, loss=10.7, f_loss=3.76, a_loss=3.35, v_loss=3.6, acc=0.0922]
train epoch 1:  62%|‚Ėą‚Ėą‚Ėą‚Ėą‚Ėą‚Ėą‚Ė\ufffd   | 259/418 [01:28<00:43,  3.64it/s, loss=10.7, f_loss=3.76, a_loss=3.35, v_loss=3.6, acc=0.0928]
train epoch 1:  62%|‚Ėą‚Ėą‚Ėą‚Ėą‚Ėą‚Ėą‚Ė\ufffd   | 260/418 [01:28<00:43,  3.67it/s, loss=10.7, f_loss=3.76, a_loss=3.35, v_loss=3.6, acc=0.0928]
train epoch 1:  62%|‚Ėą‚Ėą‚Ėą‚Ėą‚Ėą‚Ėą‚Ė\ufffd   | 260/418 [01:28<00:43,  3.67it/s, loss=10.7, f_loss=3.76, a_loss=3.35, v_loss=3.6, acc=0.0924]
train epoch 1:  62%|‚Ėą‚Ėą‚Ėą‚Ėą‚Ėą‚Ėą‚Ė\ufffd   | 261/418 [01:28<00:42,  3.66it/s, loss=10.7, f_loss=3.76, a_loss=3.35, v_loss=3.6, acc=0.0924]
train epoch 1:  62%|‚Ėą‚Ėą‚Ėą‚Ėą‚Ėą‚Ėą‚Ė\ufffd   | 261/418 [01:28<00:42,  3.66it/s, loss=10.7, f_loss=3.75, a_loss=3.34, v_loss=3.6, acc=0.0926]
train epoch 1:  63%|‚Ėą‚Ėą‚Ėą‚Ėą‚Ėą‚Ėą‚Ė\ufffd   | 262/418 [01:28<00:42,  3.67it/s, loss=10.7, f_loss=3.75, a_loss=3.34, v_loss=3.6, acc=0.0926]
train epoch 1:  63%|‚Ėą‚Ėą‚Ėą‚Ėą‚Ėą‚Ėą‚Ė\ufffd   | 262/418 [01:29<00:42,  3.67it/s, loss=10.7, f_loss=3.75, a_loss=3.34, v_loss=3.6, acc=0.0927]
train epoch 1:  63%|‚Ėą‚Ėą‚Ėą‚Ėą‚Ėą‚Ėą‚Ė\ufffd   | 263/418 [01:29<00:43,  3.58it/s, loss=10.7, f_loss=3.75, a_loss=3.34, v_loss=3.6, acc=0.0927]
train epoch 1:  63%|‚Ėą‚Ėą‚Ėą‚Ėą‚Ėą‚Ėą‚Ė\ufffd   | 263/418 [01:29<00:43,  3.58it/s, loss=10.7, f_loss=3.75, a_loss=3.34, v_loss=3.6, acc=0.0938]
train epoch 1:  63%|‚Ėą‚Ėą‚Ėą‚Ėą‚Ėą‚Ėą‚Ė\ufffd   | 264/418 [01:29<00:42,  3.65it/s, loss=10.7, f_loss=3.75, a_loss=3.34, v_loss=3.6, acc=0.0938]
train epoch 1:  63%|‚Ėą‚Ėą‚Ėą‚Ėą‚Ėą‚Ėą‚Ė\ufffd   | 264/418 [01:29<00:42,  3.65it/s, loss=10.7, f_loss=3.74, a_loss=3.34, v_loss=3.6, acc=0.0934]
train epoch 1:  63%|‚Ėą‚Ėą‚Ėą‚Ėą‚Ėą‚Ėą‚Ė\ufffd   | 265/418 [01:29<00:42,  3.64it/s, loss=10.7, f_loss=3.74, a_loss=3.34, v_loss=3.6, acc=0.0934]
train epoch 1:  63%|‚Ėą‚Ėą‚Ėą‚Ėą‚Ėą‚Ėą‚Ė\ufffd   | 265/418 [01:29<00:42,  3.64it/s, loss=10.7, f_loss=3.74, a_loss=3.34, v_loss=3.6, acc=0.093] 
train epoch 1:  64%|‚Ėą‚Ėą‚Ėą‚Ėą‚Ėą‚Ėą‚Ė\ufffd   | 266/418 [01:29<00:41,  3.64it/s, loss=10.7, f_loss=3.74, a_loss=3.34, v_loss=3.6, acc=0.093]
train epoch 1:  64%|‚Ėą‚Ėą‚Ėą‚Ėą‚Ėą‚Ėą‚Ė\ufffd   | 266/418 [01:30<00:41,  3.64it/s, loss=10.7, f_loss=3.74, a_loss=3.33, v_loss=3.59, acc=0.0927]
train epoch 1:  64%|‚Ėą‚Ėą‚Ėą‚Ėą‚Ėą‚Ėą‚Ė\ufffd   | 267/418 [01:30<00:41,  3.67it/s, loss=10.7, f_loss=3.74, a_loss=3.33, v_loss=3.59, acc=0.0927]
train epoch 1:  64%|‚Ėą‚Ėą‚Ėą‚Ėą‚Ėą‚Ėą‚Ė\ufffd   | 267/418 [01:30<00:41,  3.67it/s, loss=10.7, f_loss=3.74, a_loss=3.33, v_loss=3.59, acc=0.0928]
train epoch 1:  64%|‚Ėą‚Ėą‚Ėą‚Ėą‚Ėą‚Ėą‚Ė\ufffd   | 268/418 [01:30<00:40,  3.66it/s, loss=10.7, f_loss=3.74, a_loss=3.33, v_loss=3.59, acc=0.0928]
train epoch 1:  64%|‚Ėą‚Ėą‚Ėą‚Ėą‚Ėą‚Ėą‚Ė\ufffd   | 268/418 [01:30<00:40,  3.66it/s, loss=10.7, f_loss=3.73, a_loss=3.33, v_loss=3.59, acc=0.0929]
train epoch 1:  64%|‚Ėą‚Ėą‚Ėą‚Ėą‚Ėą‚Ėą‚Ė\ufffd   | 269/418 [01:30<00:40,  3.68it/s, loss=10.7, f_loss=3.73, a_loss=3.33, v_loss=3.59, acc=0.0929]
train epoch 1:  64%|‚Ėą‚Ėą‚Ėą‚Ėą‚Ėą‚Ėą‚Ė\ufffd   | 269/418 [01:30<00:40,  3.68it/s, loss=10.6, f_loss=3.73, a_loss=3.33, v_loss=3.59, acc=0.0949]
train epoch 1:  65%|‚Ėą‚Ėą‚Ėą‚Ėą‚Ėą‚Ėą‚Ė\ufffd   | 270/418 [01:30<00:40,  3.69it/s, loss=10.6, f_loss=3.73, a_loss=3.33, v_loss=3.59, acc=0.0949]
train epoch 1:  65%|‚Ėą‚Ėą‚Ėą‚Ėą‚Ėą‚Ėą‚Ė\ufffd   | 270/418 [01:31<00:40,  3.69it/s, loss=10.6, f_loss=3.72, a_loss=3.33, v_loss=3.59, acc=0.095] 
train epoch 1:  65%|‚Ėą‚Ėą‚Ėą‚Ėą‚Ėą‚Ėą‚Ė\ufffd   | 271/418 [01:31<00:39,  3.71it/s, loss=10.6, f_loss=3.72, a_loss=3.33, v_loss=3.59, acc=0.095]
train epoch 1:  65%|‚Ėą‚Ėą‚Ėą‚Ėą‚Ėą‚Ėą‚Ė\ufffd   | 271/418 [01:31<00:39,  3.71it/s, loss=10.6, f_loss=3.72, a_loss=3.32, v_loss=3.59, acc=0.0947]
train epoch 1:  65%|‚Ėą‚Ėą‚Ėą‚Ėą‚Ėą‚Ėą‚Ė\ufffd   | 272/418 [01:31<00:39,  3.70it/s, loss=10.6, f_loss=3.72, a_loss=3.32, v_loss=3.59, acc=0.0947]
train epoch 1:  65%|‚Ėą‚Ėą‚Ėą‚Ėą‚Ėą‚Ėą‚Ė\ufffd   | 272/418 [01:31<00:39,  3.70it/s, loss=10.6, f_loss=3.72, a_loss=3.32, v_loss=3.59, acc=0.0943]
train epoch 1:  65%|‚Ėą‚Ėą‚Ėą‚Ėą‚Ėą‚Ėą‚Ė\ufffd   | 273/418 [01:31<00:40,  3.61it/s, loss=10.6, f_loss=3.72, a_loss=3.32, v_loss=3.59, acc=0.0943]
train epoch 1:  65%|‚Ėą‚Ėą‚Ėą‚Ėą‚Ėą‚Ėą‚Ė\ufffd   | 273/418 [01:32<00:40,  3.61it/s, loss=10.6, f_loss=3.72, a_loss=3.32, v_loss=3.58, acc=0.094] 
train epoch 1:  66%|‚Ėą‚Ėą‚Ėą‚Ėą‚Ėą‚Ėą‚Ė\ufffd   | 274/418 [01:32<00:39,  3.61it/s, loss=10.6, f_loss=3.72, a_loss=3.32, v_loss=3.58, acc=0.094]
train epoch 1:  66%|‚Ėą‚Ėą‚Ėą‚Ėą‚Ėą‚Ėą‚Ė\ufffd   | 274/418 [01:32<00:39,  3.61it/s, loss=10.6, f_loss=3.71, a_loss=3.32, v_loss=3.58, acc=0.0936]
train epoch 1:  66%|‚Ėą‚Ėą‚Ėą‚Ėą‚Ėą‚Ėą‚Ė\ufffd   | 275/418 [01:32<00:38,  3.67it/s, loss=10.6, f_loss=3.71, a_loss=3.32, v_loss=3.58, acc=0.0936]
train epoch 1:  66%|‚Ėą‚Ėą‚Ėą‚Ėą‚Ėą‚Ėą‚Ė\ufffd   | 275/418 [01:32<00:38,  3.67it/s, loss=10.6, f_loss=3.71, a_loss=3.32, v_loss=3.58, acc=0.0942]
train epoch 1:  66%|‚Ėą‚Ėą‚Ėą‚Ėą‚Ėą‚Ėą‚Ė\ufffd   | 276/418 [01:32<00:38,  3.73it/s, loss=10.6, f_loss=3.71, a_loss=3.32, v_loss=3.58, acc=0.0942]
train epoch 1:  66%|‚Ėą‚Ėą‚Ėą‚Ėą‚Ėą‚Ėą‚Ė\ufffd   | 276/418 [01:32<00:38,  3.73it/s, loss=10.6, f_loss=3.7, a_loss=3.32, v_loss=3.58, acc=0.0943] 
train epoch 1:  66%|‚Ėą‚Ėą‚Ėą‚Ėą‚Ėą‚Ėą‚Ė\ufffd   | 277/418 [01:32<00:37,  3.74it/s, loss=10.6, f_loss=3.7, a_loss=3.32, v_loss=3.58, acc=0.0943]
train epoch 1:  66%|‚Ėą‚Ėą‚Ėą‚Ėą‚Ėą‚Ėą‚Ė\ufffd   | 277/418 [01:33<00:37,  3.74it/s, loss=10.6, f_loss=3.7, a_loss=3.32, v_loss=3.58, acc=0.094] 
train epoch 1:  67%|‚Ėą‚Ėą‚Ėą‚Ėą‚Ėą‚Ėą‚Ė\ufffd   | 278/418 [01:33<00:36,  3.79it/s, loss=10.6, f_loss=3.7, a_loss=3.32, v_loss=3.58, acc=0.094]
train epoch 1:  67%|‚Ėą‚Ėą‚Ėą‚Ėą‚Ėą‚Ėą‚Ė\ufffd   | 278/418 [01:33<00:36,  3.79it/s, loss=10.6, f_loss=3.7, a_loss=3.31, v_loss=3.58, acc=0.0941]
train epoch 1:  67%|‚Ėą‚Ėą‚Ėą‚Ėą‚Ėą‚Ėą‚Ė\ufffd   | 279/418 [01:33<00:36,  3.78it/s, loss=10.6, f_loss=3.7, a_loss=3.31, v_loss=3.58, acc=0.0941]
train epoch 1:  67%|‚Ėą‚Ėą‚Ėą‚Ėą‚Ėą‚Ėą‚Ė\ufffd   | 279/418 [01:33<00:36,  3.78it/s, loss=10.6, f_loss=3.7, a_loss=3.31, v_loss=3.58, acc=0.0942]
train epoch 1:  67%|‚Ėą‚Ėą‚Ėą‚Ėą‚Ėą‚Ėą‚Ė\ufffd   | 280/418 [01:33<00:36,  3.77it/s, loss=10.6, f_loss=3.7, a_loss=3.31, v_loss=3.58, acc=0.0942]
train epoch 1:  67%|‚Ėą‚Ėą‚Ėą‚Ėą‚Ėą‚Ėą‚Ė\ufffd   | 280/418 [01:33<00:36,  3.77it/s, loss=10.6, f_loss=3.69, a_loss=3.31, v_loss=3.58, acc=0.0948]
train epoch 1:  67%|‚Ėą‚Ėą‚Ėą‚Ėą‚Ėą‚Ėą‚Ė\ufffd   | 281/418 [01:33<00:36,  3.72it/s, loss=10.6, f_loss=3.69, a_loss=3.31, v_loss=3.58, acc=0.0948]
train epoch 1:  67%|‚Ėą‚Ėą‚Ėą‚Ėą‚Ėą‚Ėą‚Ė\ufffd   | 281/418 [01:34<00:36,  3.72it/s, loss=10.6, f_loss=3.69, a_loss=3.31, v_loss=3.58, acc=0.0944]
train epoch 1:  67%|‚Ėą‚Ėą‚Ėą‚Ėą‚Ėą‚Ėą‚Ė\ufffd   | 282/418 [01:34<00:37,  3.66it/s, loss=10.6, f_loss=3.69, a_loss=3.31, v_loss=3.58, acc=0.0944]
train epoch 1:  67%|‚Ėą‚Ėą‚Ėą‚Ėą‚Ėą‚Ėą‚Ė\ufffd   | 282/418 [01:34<00:37,  3.66it/s, loss=10.6, f_loss=3.69, a_loss=3.31, v_loss=3.58, acc=0.0945]
train epoch 1:  68%|‚Ėą‚Ėą‚Ėą‚Ėą‚Ėą‚Ėą‚Ė\ufffd   | 283/418 [01:34<00:37,  3.59it/s, loss=10.6, f_loss=3.69, a_loss=3.31, v_loss=3.58, acc=0.0945]
train epoch 1:  68%|‚Ėą‚Ėą‚Ėą‚Ėą‚Ėą‚Ėą‚Ė\ufffd   | 283/418 [01:34<00:37,  3.59it/s, loss=10.6, f_loss=3.68, a_loss=3.31, v_loss=3.58, acc=0.0942]
train epoch 1:  68%|‚Ėą‚Ėą‚Ėą‚Ėą‚Ėą‚Ėą‚Ė\ufffd   | 284/418 [01:34<00:36,  3.65it/s, loss=10.6, f_loss=3.68, a_loss=3.31, v_loss=3.58, acc=0.0942]
train epoch 1:  68%|‚Ėą‚Ėą‚Ėą‚Ėą‚Ėą‚Ėą‚Ė\ufffd   | 284/418 [01:35<00:36,  3.65it/s, loss=10.6, f_loss=3.68, a_loss=3.3, v_loss=3.57, acc=0.0947] 
train epoch 1:  68%|‚Ėą‚Ėą‚Ėą‚Ėą‚Ėą‚Ėą‚Ė\ufffd   | 285/418 [01:35<00:36,  3.67it/s, loss=10.6, f_loss=3.68, a_loss=3.3, v_loss=3.57, acc=0.0947]
train epoch 1:  68%|‚Ėą‚Ėą‚Ėą‚Ėą‚Ėą‚Ėą‚Ė\ufffd   | 285/418 [01:35<00:36,  3.67it/s, loss=10.6, f_loss=3.68, a_loss=3.3, v_loss=3.57, acc=0.0953]
train epoch 1:  68%|‚Ėą‚Ėą‚Ėą‚Ėą‚Ėą‚Ėą‚Ė\ufffd   | 286/418 [01:35<00:36,  3.59it/s, loss=10.6, f_loss=3.68, a_loss=3.3, v_loss=3.57, acc=0.0953]
train epoch 1:  68%|‚Ėą‚Ėą‚Ėą‚Ėą‚Ėą‚Ėą‚Ė\ufffd   | 286/418 [01:35<00:36,  3.59it/s, loss=10.5, f_loss=3.68, a_loss=3.3, v_loss=3.57, acc=0.0949]
train epoch 1:  69%|‚Ėą‚Ėą‚Ėą‚Ėą‚Ėą‚Ėą‚Ė\ufffd   | 287/418 [01:35<00:36,  3.57it/s, loss=10.5, f_loss=3.68, a_loss=3.3, v_loss=3.57, acc=0.0949]
train epoch 1:  69%|‚Ėą‚Ėą‚Ėą‚Ėą‚Ėą‚Ėą‚Ė\ufffd   | 287/418 [01:35<00:36,  3.57it/s, loss=10.5, f_loss=3.67, a_loss=3.3, v_loss=3.57, acc=0.0951]
train epoch 1:  69%|‚Ėą‚Ėą‚Ėą‚Ėą‚Ėą‚Ėą‚Ė\ufffd   | 288/418 [01:35<00:35,  3.63it/s, loss=10.5, f_loss=3.67, a_loss=3.3, v_loss=3.57, acc=0.0951]
train epoch 1:  69%|‚Ėą‚Ėą‚Ėą‚Ėą‚Ėą‚Ėą‚Ė\ufffd   | 288/418 [01:36<00:35,  3.63it/s, loss=10.5, f_loss=3.67, a_loss=3.3, v_loss=3.57, acc=0.0952]
train epoch 1:  69%|‚Ėą‚Ėą‚Ėą‚Ėą‚Ėą‚Ėą‚Ė\ufffd   | 289/418 [01:36<00:36,  3.53it/s, loss=10.5, f_loss=3.67, a_loss=3.3, v_loss=3.57, acc=0.0952]
train epoch 1:  69%|‚Ėą‚Ėą‚Ėą‚Ėą‚Ėą‚Ėą‚Ė\ufffd   | 289/418 [01:36<00:36,  3.53it/s, loss=10.5, f_loss=3.67, a_loss=3.3, v_loss=3.57, acc=0.0953]
train epoch 1:  69%|‚Ėą‚Ėą‚Ėą‚Ėą‚Ėą‚Ėą‚Ė\ufffd   | 290/418 [01:36<00:35,  3.56it/s, loss=10.5, f_loss=3.67, a_loss=3.3, v_loss=3.57, acc=0.0953]
train epoch 1:  69%|‚Ėą‚Ėą‚Ėą‚Ėą‚Ėą‚Ėą‚Ė\ufffd   | 290/418 [01:36<00:35,  3.56it/s, loss=10.5, f_loss=3.66, a_loss=3.29, v_loss=3.57, acc=0.0949]
train epoch 1:  70%|‚Ėą‚Ėą‚Ėą‚Ėą‚Ėą‚Ėą‚Ė\ufffd   | 291/418 [01:36<00:34,  3.63it/s, loss=10.5, f_loss=3.66, a_loss=3.29, v_loss=3.57, acc=0.0949]
train epoch 1:  70%|‚Ėą‚Ėą‚Ėą‚Ėą‚Ėą‚Ėą‚Ė\ufffd   | 291/418 [01:36<00:34,  3.63it/s, loss=10.5, f_loss=3.66, a_loss=3.29, v_loss=3.57, acc=0.095] 
train epoch 1:  70%|‚Ėą‚Ėą‚Ėą‚Ėą‚Ėą‚Ėą‚Ė\ufffd   | 292/418 [01:36<00:34,  3.67it/s, loss=10.5, f_loss=3.66, a_loss=3.29, v_loss=3.57, acc=0.095]
train epoch 1:  70%|‚Ėą‚Ėą‚Ėą‚Ėą‚Ėą‚Ėą‚Ė\ufffd   | 292/418 [01:37<00:34,  3.67it/s, loss=10.5, f_loss=3.66, a_loss=3.29, v_loss=3.57, acc=0.0964]
train epoch 1:  70%|‚Ėą‚Ėą‚Ėą‚Ėą‚Ėą‚Ėą‚Ė\ufffd   | 293/418 [01:37<00:33,  3.73it/s, loss=10.5, f_loss=3.66, a_loss=3.29, v_loss=3.57, acc=0.0964]
train epoch 1:  70%|‚Ėą‚Ėą‚Ėą‚Ėą‚Ėą‚Ėą‚Ė\ufffd   | 293/418 [01:37<00:33,  3.73it/s, loss=10.5, f_loss=3.66, a_loss=3.29, v_loss=3.57, acc=0.0961]
train epoch 1:  70%|‚Ėą‚Ėą‚Ėą‚Ėą‚Ėą‚Ėą‚Ė\ufffd   | 294/418 [01:37<00:32,  3.77it/s, loss=10.5, f_loss=3.66, a_loss=3.29, v_loss=3.57, acc=0.0961]
train epoch 1:  70%|‚Ėą‚Ėą‚Ėą‚Ėą‚Ėą‚Ėą‚Ė\ufffd   | 294/418 [01:37<00:32,  3.77it/s, loss=10.5, f_loss=3.66, a_loss=3.29, v_loss=3.56, acc=0.0962]
train epoch 1:  71%|‚Ėą‚Ėą‚Ėą‚Ėą‚Ėą‚Ėą‚Ė\ufffd   | 295/418 [01:37<00:32,  3.80it/s, loss=10.5, f_loss=3.66, a_loss=3.29, v_loss=3.56, acc=0.0962]
train epoch 1:  71%|‚Ėą‚Ėą‚Ėą‚Ėą‚Ėą‚Ėą‚Ė\ufffd   | 295/418 [01:38<00:32,  3.80it/s, loss=10.5, f_loss=3.66, a_loss=3.29, v_loss=3.56, acc=0.0959]
train epoch 1:  71%|‚Ėą‚Ėą‚Ėą‚Ėą‚Ėą‚Ėą‚Ė\ufffd   | 296/418 [01:38<00:31,  3.82it/s, loss=10.5, f_loss=3.66, a_loss=3.29, v_loss=3.56, acc=0.0959]
train epoch 1:  71%|‚Ėą‚Ėą‚Ėą‚Ėą‚Ėą‚Ėą‚Ė\ufffd   | 296/418 [01:38<00:31,  3.82it/s, loss=10.5, f_loss=3.65, a_loss=3.29, v_loss=3.56, acc=0.0955]
train epoch 1:  71%|‚Ėą‚Ėą‚Ėą‚Ėą‚Ėą‚Ėą‚Ė\ufffd   | 297/418 [01:38<00:31,  3.83it/s, loss=10.5, f_loss=3.65, a_loss=3.29, v_loss=3.56, acc=0.0955]
train epoch 1:  71%|‚Ėą‚Ėą‚Ėą‚Ėą‚Ėą‚Ėą‚Ė\ufffd   | 297/418 [01:38<00:31,  3.83it/s, loss=10.5, f_loss=3.65, a_loss=3.29, v_loss=3.56, acc=0.0961]
train epoch 1:  71%|‚Ėą‚Ėą‚Ėą‚Ėą‚Ėą‚Ėą‚Ėą‚ĖŹ  | 298/418 [01:38<00:31,  3.84it/s, loss=10.5, f_loss=3.65, a_loss=3.29, v_loss=3.56, acc=0.0961]
train epoch 1:  71%|‚Ėą‚Ėą‚Ėą‚Ėą‚Ėą‚Ėą‚Ėą‚ĖŹ  | 298/418 [01:38<00:31,  3.84it/s, loss=10.5, f_loss=3.65, a_loss=3.29, v_loss=3.56, acc=0.0962]
train epoch 1:  72%|‚Ėą‚Ėą‚Ėą‚Ėą‚Ėą‚Ėą‚Ėą‚ĖŹ  | 299/418 [01:38<00:30,  3.86it/s, loss=10.5, f_loss=3.65, a_loss=3.29, v_loss=3.56, acc=0.0962]
train epoch 1:  72%|‚Ėą‚Ėą‚Ėą‚Ėą‚Ėą‚Ėą‚Ėą‚ĖŹ  | 299/418 [01:39<00:30,  3.86it/s, loss=10.5, f_loss=3.65, a_loss=3.29, v_loss=3.56, acc=0.0958]
train epoch 1:  72%|‚Ėą‚Ėą‚Ėą‚Ėą‚Ėą‚Ėą‚Ėą‚ĖŹ  | 300/418 [01:39<00:30,  3.83it/s, loss=10.5, f_loss=3.65, a_loss=3.29, v_loss=3.56, acc=0.0958]
train epoch 1:  72%|‚Ėą‚Ėą‚Ėą‚Ėą‚Ėą‚Ėą‚Ėą‚ĖŹ  | 300/418 [01:39<00:30,  3.83it/s, loss=10.5, f_loss=3.64, a_loss=3.29, v_loss=3.56, acc=0.0968]
train epoch 1:  72%|‚Ėą‚Ėą‚Ėą‚Ėą‚Ėą‚Ėą‚Ėą‚ĖŹ  | 301/418 [01:39<00:30,  3.81it/s, loss=10.5, f_loss=3.64, a_loss=3.29, v_loss=3.56, acc=0.0968]
train epoch 1:  72%|‚Ėą‚Ėą‚Ėą‚Ėą‚Ėą‚Ėą‚Ėą‚ĖŹ  | 301/418 [01:39<00:30,  3.81it/s, loss=10.5, f_loss=3.64, a_loss=3.29, v_loss=3.56, acc=0.0969]
train epoch 1:  72%|‚Ėą‚Ėą‚Ėą‚Ėą‚Ėą‚Ėą‚Ėą‚ĖŹ  | 302/418 [01:39<00:31,  3.70it/s, loss=10.5, f_loss=3.64, a_loss=3.29, v_loss=3.56, acc=0.0969]
train epoch 1:  72%|‚Ėą‚Ėą‚Ėą‚Ėą‚Ėą‚Ėą‚Ėą‚ĖŹ  | 302/418 [01:39<00:31,  3.70it/s, loss=10.5, f_loss=3.64, a_loss=3.28, v_loss=3.56, acc=0.0974]
train epoch 1:  72%|‚Ėą‚Ėą‚Ėą‚Ėą‚Ėą‚Ėą‚Ėą‚ĖŹ  | 303/418 [01:39<00:30,  3.74it/s, loss=10.5, f_loss=3.64, a_loss=3.28, v_loss=3.56, acc=0.0974]
train epoch 1:  72%|‚Ėą‚Ėą‚Ėą‚Ėą‚Ėą‚Ėą‚Ėą‚ĖŹ  | 303/418 [01:40<00:30,  3.74it/s, loss=10.5, f_loss=3.64, a_loss=3.28, v_loss=3.56, acc=0.0975]
train epoch 1:  73%|‚Ėą‚Ėą‚Ėą‚Ėą‚Ėą‚Ėą‚Ėą‚Ėé  | 304/418 [01:40<00:30,  3.76it/s, loss=10.5, f_loss=3.64, a_loss=3.28, v_loss=3.56, acc=0.0975]
train epoch 1:  73%|‚Ėą‚Ėą‚Ėą‚Ėą‚Ėą‚Ėą‚Ėą‚Ėé  | 304/418 [01:40<00:30,  3.76it/s, loss=10.5, f_loss=3.64, a_loss=3.28, v_loss=3.55, acc=0.0971]
train epoch 1:  73%|‚Ėą‚Ėą‚Ėą‚Ėą‚Ėą‚Ėą‚Ėą‚Ėé  | 305/418 [01:40<00:29,  3.77it/s, loss=10.5, f_loss=3.64, a_loss=3.28, v_loss=3.55, acc=0.0971]
train epoch 1:  73%|‚Ėą‚Ėą‚Ėą‚Ėą‚Ėą‚Ėą‚Ėą‚Ėé  | 305/418 [01:40<00:29,  3.77it/s, loss=10.5, f_loss=3.63, a_loss=3.28, v_loss=3.55, acc=0.0976]
train epoch 1:  73%|‚Ėą‚Ėą‚Ėą‚Ėą‚Ėą‚Ėą‚Ėą‚Ėé  | 306/418 [01:40<00:29,  3.78it/s, loss=10.5, f_loss=3.63, a_loss=3.28, v_loss=3.55, acc=0.0976]
train epoch 1:  73%|‚Ėą‚Ėą‚Ėą‚Ėą‚Ėą‚Ėą‚Ėą‚Ėé  | 306/418 [01:40<00:29,  3.78it/s, loss=10.5, f_loss=3.63, a_loss=3.28, v_loss=3.55, acc=0.0981]
train epoch 1:  73%|‚Ėą‚Ėą‚Ėą‚Ėą‚Ėą‚Ėą‚Ėą‚Ėé  | 307/418 [01:40<00:29,  3.82it/s, loss=10.5, f_loss=3.63, a_loss=3.28, v_loss=3.55, acc=0.0981]
train epoch 1:  73%|‚Ėą‚Ėą‚Ėą‚Ėą‚Ėą‚Ėą‚Ėą‚Ėé  | 307/418 [01:41<00:29,  3.82it/s, loss=10.5, f_loss=3.63, a_loss=3.28, v_loss=3.55, acc=0.0986]
train epoch 1:  74%|‚Ėą‚Ėą‚Ėą‚Ėą‚Ėą‚Ėą‚Ėą‚Ėé  | 308/418 [01:41<00:28,  3.80it/s, loss=10.5, f_loss=3.63, a_loss=3.28, v_loss=3.55, acc=0.0986]
                                                                                                                              
Traceback (most recent call last):
  File "<frozen runpy>", line 198, in _run_module_as_main
  File "<frozen runpy>", line 88, in _run_code
  File "E:\Paper_Experiment\IML\AV_v1\train_ave.py", line 207, in <module>
    main()
  File "E:\Paper_Experiment\IML\AV_v1\train_ave.py", line 203, in main
    run_training(args)
  File "E:\Paper_Experiment\IML\AV_v1\train_ave.py", line 101, in run_training
    train_metrics = train_one_epoch(
                    ^^^^^^^^^^^^^^^^
  File "E:\Paper_Experiment\IML\AV_v1\train_cremad.py", line 154, in train_one_epoch
    for batch in iterator:
  File "E:\anaconda3\envs\pytorch2.5\Lib\site-packages\tqdm\std.py", line 1181, in __iter__
    for obj in iterable:
  File "E:\anaconda3\envs\pytorch2.5\Lib\site-packages\torch\utils\data\dataloader.py", line 701, in __next__
    data = self._next_data()
           ^^^^^^^^^^^^^^^^^
  File "E:\anaconda3\envs\pytorch2.5\Lib\site-packages\torch\utils\data\dataloader.py", line 1465, in _next_data
    return self._process_data(data)
           ^^^^^^^^^^^^^^^^^^^^^^^^
  File "E:\anaconda3\envs\pytorch2.5\Lib\site-packages\torch\utils\data\dataloader.py", line 1491, in _process_data
    data.reraise()
  File "E:\anaconda3\envs\pytorch2.5\Lib\site-packages\torch\_utils.py", line 715, in reraise
    raise exception
RuntimeError: Caught RuntimeError in DataLoader worker process 0.
Original Traceback (most recent call last):
  File "E:\anaconda3\envs\pytorch2.5\Lib\site-packages\torch\utils\data\_utils\worker.py", line 351, in _worker_loop
    data = fetcher.fetch(index)  # type: ignore[possibly-undefined]
           ^^^^^^^^^^^^^^^^^^^^
  File "E:\anaconda3\envs\pytorch2.5\Lib\site-packages\torch\utils\data\_utils\fetch.py", line 55, in fetch
    return self.collate_fn(data)
           ^^^^^^^^^^^^^^^^^^^^^
  File "E:\anaconda3\envs\pytorch2.5\Lib\site-packages\torch\utils\data\_utils\collate.py", line 398, in default_collate
    return collate(batch, collate_fn_map=default_collate_fn_map)
           ^^^^^^^^^^^^^^^^^^^^^^^^^^^^^^^^^^^^^^^^^^^^^^^^^^^^^
  File "E:\anaconda3\envs\pytorch2.5\Lib\site-packages\torch\utils\data\_utils\collate.py", line 171, in collate
    {
  File "E:\anaconda3\envs\pytorch2.5\Lib\site-packages\torch\utils\data\_utils\collate.py", line 172, in <dictcomp>
    key: collate(
         ^^^^^^^^
  File "E:\anaconda3\envs\pytorch2.5\Lib\site-packages\torch\utils\data\_utils\collate.py", line 155, in collate
    return collate_fn_map[elem_type](batch, collate_fn_map=collate_fn_map)
           ^^^^^^^^^^^^^^^^^^^^^^^^^^^^^^^^^^^^^^^^^^^^^^^^^^^^^^^^^^^^^^^
  File "E:\anaconda3\envs\pytorch2.5\Lib\site-packages\torch\utils\data\_utils\collate.py", line 271, in collate_tensor_fn
    out = elem.new(storage).resize_(len(batch), *list(elem.size()))
          ^^^^^^^^^^^^^^^^^^^^^^^^^^^^^^^^^^^^^^^^^^^^^^^^^^^^^^^^^
RuntimeError: Trying to resize storage that is not resizable


ERROR conda.cli.main_run:execute(125): `conda run python -m AV_v1.train_ave` failed. (See above for error)
AVE classes: 28
Split sizes: {'train': 3339, 'val': 402, 'test': 402}

